Starting a Gradle Daemon, 1 incompatible and 2 stopped Daemons could not be reused, use --status for details
> Task :gradle-plugin:shared:checkKotlinGradlePluginConfigurationErrors SKIPPED
> Task :expo-gradle-plugin:expo-autolinking-plugin-shared:checkKotlinGradlePluginConfigurationErrors SKIPPED
> Task :expo-gradle-plugin:expo-autolinking-settings-plugin:checkKotlinGradlePluginConfigurationErrors SKIPPED
> Task :gradle-plugin:settings-plugin:checkKotlinGradlePluginConfigurationErrors SKIPPED
> Task :expo-gradle-plugin:expo-autolinking-settings-plugin:pluginDescriptors UP-TO-DATE
> Task :gradle-plugin:settings-plugin:pluginDescriptors UP-TO-DATE
> Task :gradle-plugin:settings-plugin:processResources UP-TO-DATE
> Task :expo-gradle-plugin:expo-autolinking-settings-plugin:processResources UP-TO-DATE
> Task :expo-gradle-plugin:expo-autolinking-plugin-shared:compileKotlin UP-TO-DATE
> Task :gradle-plugin:shared:compileKotlin UP-TO-DATE
> Task :expo-gradle-plugin:expo-autolinking-plugin-shared:compileJava NO-SOURCE
> Task :gradle-plugin:shared:compileJava NO-SOURCE
> Task :expo-gradle-plugin:expo-autolinking-plugin-shared:processResources NO-SOURCE
> Task :expo-gradle-plugin:expo-autolinking-plugin-shared:classes UP-TO-DATE
> Task :gradle-plugin:shared:processResources NO-SOURCE
> Task :gradle-plugin:shared:classes UP-TO-DATE
> Task :gradle-plugin:shared:jar UP-TO-DATE
> Task :expo-gradle-plugin:expo-autolinking-plugin-shared:jar UP-TO-DATE
> Task :gradle-plugin:settings-plugin:compileKotlin UP-TO-DATE
> Task :gradle-plugin:settings-plugin:compileJava NO-SOURCE
> Task :gradle-plugin:settings-plugin:classes UP-TO-DATE
> Task :gradle-plugin:settings-plugin:jar UP-TO-DATE
> Task :expo-gradle-plugin:expo-autolinking-settings-plugin:compileKotlin UP-TO-DATE
> Task :expo-gradle-plugin:expo-autolinking-settings-plugin:compileJava NO-SOURCE
> Task :expo-gradle-plugin:expo-autolinking-settings-plugin:classes UP-TO-DATE
> Task :expo-gradle-plugin:expo-autolinking-settings-plugin:jar UP-TO-DATE
> Task :expo-gradle-plugin:expo-autolinking-plugin:checkKotlinGradlePluginConfigurationErrors SKIPPED
> Task :gradle-plugin:react-native-gradle-plugin:checkKotlinGradlePluginConfigurationErrors SKIPPED
> Task :expo-module-gradle-plugin:checkKotlinGradlePluginConfigurationErrors SKIPPED
> Task :expo-module-gradle-plugin:pluginDescriptors UP-TO-DATE
> Task :expo-module-gradle-plugin:processResources UP-TO-DATE
> Task :expo-gradle-plugin:expo-autolinking-plugin:compileKotlin UP-TO-DATE
> Task :expo-gradle-plugin:expo-autolinking-plugin:compileJava NO-SOURCE
> Task :expo-gradle-plugin:expo-autolinking-plugin:pluginDescriptors UP-TO-DATE
> Task :expo-gradle-plugin:expo-autolinking-plugin:processResources UP-TO-DATE
> Task :expo-gradle-plugin:expo-autolinking-plugin:classes UP-TO-DATE
> Task :expo-gradle-plugin:expo-autolinking-plugin:jar UP-TO-DATE
> Task :gradle-plugin:react-native-gradle-plugin:compileKotlin UP-TO-DATE
> Task :gradle-plugin:react-native-gradle-plugin:compileJava NO-SOURCE
> Task :gradle-plugin:react-native-gradle-plugin:pluginDescriptors UP-TO-DATE
> Task :gradle-plugin:react-native-gradle-plugin:processResources UP-TO-DATE
> Task :gradle-plugin:react-native-gradle-plugin:classes UP-TO-DATE
> Task :gradle-plugin:react-native-gradle-plugin:jar UP-TO-DATE
> Task :expo-module-gradle-plugin:compileKotlin UP-TO-DATE
> Task :expo-module-gradle-plugin:compileJava NO-SOURCE
> Task :expo-module-gradle-plugin:classes UP-TO-DATE
> Task :expo-module-gradle-plugin:jar UP-TO-DATE

> Configure project :
[32m[ExpoRootProject][0m Using the following versions:
  - buildTools:  [32m36.0.0[0m
  - minSdk:      [32m24[0m
  - compileSdk:  [32m36[0m
  - targetSdk:   [32m34[0m
  - ndk:         [32m26.3.11579264[0m
  - kotlin:      [32m2.1.20[0m
  - ksp:         [32m2.1.20-2.0.1[0m

> Configure project :expo

Using expo modules
  - [32mexpo-constants[0m (18.0.10)
  - [32mexpo-modules-core[0m (3.0.26)
  - [33m[?][0m [32mexpo-asset[0m (12.0.10)
  - [33m[?][0m [32mexpo-av[0m (16.0.8)
  - [33m[?][0m [32mexpo-camera[0m (17.0.9)
  - [33m[?][0m [32mexpo-document-picker[0m (14.0.7)
  - [33m[?][0m [32mexpo-file-system[0m (19.0.19)
  - [33m[?][0m [32mexpo-font[0m (14.0.9)
  - [33m[?][0m [32mexpo-haptics[0m (15.0.7)
  - [33m[?][0m [32mexpo-image[0m (3.0.10)
  - [33m[?][0m [32mexpo-image-loader[0m (6.0.0)
  - [33m[?][0m [32mexpo-image-manipulator[0m (14.0.8)
  - [33m[?][0m [32mexpo-image-picker[0m (17.0.9)
  - [33m[?][0m [32mexpo-keep-awake[0m (15.0.7)
  - [33m[?][0m [32mexpo-linking[0m (8.0.9)
  - [33m[?][0m [32mexpo-sharing[0m (14.0.7)
  - [33m[?][0m [32mexpo-splash-screen[0m (31.0.11)
  - [33m[?][0m [32mexpo-sqlite[0m (16.0.9)
  - [33m[?][0m [32mexpo-system-ui[0m (6.0.8)
  - [33m[?][0m [32mexpo-web-browser[0m (15.0.9)


> Task :expo-modules-core:preBuild UP-TO-DATE
> Task :expo-modules-core:preReleaseBuild UP-TO-DATE
> Task :expo:generatePackagesList UP-TO-DATE
> Task :expo:preBuild UP-TO-DATE
> Task :expo:preReleaseBuild UP-TO-DATE
> Task :expo:mergeReleaseJniLibFolders UP-TO-DATE
> Task :expo:mergeReleaseNativeLibs NO-SOURCE
> Task :expo:copyReleaseJniLibsProjectOnly UP-TO-DATE
> Task :expo:checkKotlinGradlePluginConfigurationErrors SKIPPED
> Task :react-native-gesture-handler:generateCodegenSchemaFromJavaScript UP-TO-DATE
> Task :react-native-safe-area-context:generateCodegenSchemaFromJavaScript UP-TO-DATE
> Task :react-native-async-storage_async-storage:generateCodegenSchemaFromJavaScript UP-TO-DATE
> Task :app:generateAutolinkingNewArchitectureFiles UP-TO-DATE
> Task :react-native-screens:generateCodegenSchemaFromJavaScript UP-TO-DATE
> Task :expo:generateReleaseBuildConfig UP-TO-DATE
> Task :expo:generateReleaseResValues UP-TO-DATE
> Task :expo:generateReleaseResources UP-TO-DATE
> Task :react-native-async-storage_async-storage:generateCodegenArtifactsFromSchema UP-TO-DATE
> Task :react-native-async-storage_async-storage:preBuild UP-TO-DATE
> Task :react-native-async-storage_async-storage:preReleaseBuild UP-TO-DATE
> Task :react-native-screens:generateCodegenArtifactsFromSchema UP-TO-DATE
> Task :react-native-gesture-handler:generateCodegenArtifactsFromSchema UP-TO-DATE
> Task :react-native-screens:preBuild UP-TO-DATE
> Task :react-native-screens:preReleaseBuild UP-TO-DATE
> Task :react-native-gesture-handler:preBuild UP-TO-DATE
> Task :react-native-gesture-handler:preReleaseBuild UP-TO-DATE
> Task :react-native-safe-area-context:generateCodegenArtifactsFromSchema UP-TO-DATE
> Task :react-native-safe-area-context:preBuild UP-TO-DATE
> Task :react-native-async-storage_async-storage:mergeReleaseJniLibFolders UP-TO-DATE
> Task :react-native-safe-area-context:preReleaseBuild UP-TO-DATE
> Task :react-native-gesture-handler:mergeReleaseJniLibFolders UP-TO-DATE
> Task :react-native-gesture-handler:checkKotlinGradlePluginConfigurationErrors SKIPPED
> Task :react-native-async-storage_async-storage:mergeReleaseNativeLibs NO-SOURCE
> Task :react-native-safe-area-context:mergeReleaseJniLibFolders UP-TO-DATE
> Task :app:generateAutolinkingPackageList UP-TO-DATE
> Task :app:generateCodegenSchemaFromJavaScript SKIPPED
> Task :expo:packageReleaseResources UP-TO-DATE
> Task :react-native-safe-area-context:mergeReleaseNativeLibs NO-SOURCE
> Task :react-native-gesture-handler:generateReleaseBuildConfig UP-TO-DATE
> Task :app:generateCodegenArtifactsFromSchema SKIPPED
> Task :react-native-async-storage_async-storage:copyReleaseJniLibsProjectOnly UP-TO-DATE
> Task :react-native-safe-area-context:copyReleaseJniLibsProjectOnly UP-TO-DATE
> Task :react-native-gesture-handler:generateReleaseResValues UP-TO-DATE
> Task :react-native-safe-area-context:checkKotlinGradlePluginConfigurationErrors SKIPPED
> Task :app:generateReactNativeEntryPoint UP-TO-DATE
> Task :react-native-async-storage_async-storage:generateReleaseBuildConfig UP-TO-DATE
> Task :react-native-gesture-handler:generateReleaseResources UP-TO-DATE
> Task :react-native-safe-area-context:generateReleaseBuildConfig UP-TO-DATE
> Task :react-native-safe-area-context:generateReleaseResValues UP-TO-DATE
> Task :react-native-async-storage_async-storage:generateReleaseResValues UP-TO-DATE
> Task :expo:parseReleaseLocalResources UP-TO-DATE
> Task :react-native-safe-area-context:generateReleaseResources UP-TO-DATE
> Task :react-native-gesture-handler:packageReleaseResources UP-TO-DATE
> Task :react-native-async-storage_async-storage:generateReleaseResources UP-TO-DATE
> Task :react-native-safe-area-context:packageReleaseResources UP-TO-DATE
> Task :expo:generateReleaseRFile UP-TO-DATE
> Task :react-native-gesture-handler:parseReleaseLocalResources UP-TO-DATE
> Task :expo:javaPreCompileRelease UP-TO-DATE
> Task :react-native-safe-area-context:parseReleaseLocalResources UP-TO-DATE
> Task :react-native-async-storage_async-storage:packageReleaseResources UP-TO-DATE
> Task :expo:writeReleaseAarMetadata UP-TO-DATE
> Task :react-native-async-storage_async-storage:parseReleaseLocalResources UP-TO-DATE
> Task :react-native-gesture-handler:generateReleaseRFile UP-TO-DATE
> Task :expo:extractDeepLinksRelease UP-TO-DATE
> Task :react-native-gesture-handler:javaPreCompileRelease UP-TO-DATE
> Task :expo:processReleaseManifest UP-TO-DATE
> Task :react-native-safe-area-context:generateReleaseRFile UP-TO-DATE
> Task :react-native-async-storage_async-storage:generateReleaseRFile UP-TO-DATE
> Task :expo:compileReleaseLibraryResources UP-TO-DATE
> Task :react-native-worklets:assertMinimalReactNativeVersionTask
> Task :react-native-worklets:assertNewArchitectureEnabledTask SKIPPED
> Task :react-native-gesture-handler:writeReleaseAarMetadata UP-TO-DATE
> Task :react-native-async-storage_async-storage:javaPreCompileRelease UP-TO-DATE
> Task :expo:prepareReleaseArtProfile UP-TO-DATE
> Task :react-native-gesture-handler:extractDeepLinksRelease UP-TO-DATE
> Task :expo:mergeReleaseShaders UP-TO-DATE
> Task :react-native-worklets:generateCodegenSchemaFromJavaScript UP-TO-DATE
> Task :expo:compileReleaseShaders NO-SOURCE
> Task :expo:generateReleaseAssets UP-TO-DATE
> Task :react-native-gesture-handler:processReleaseManifest UP-TO-DATE
> Task :react-native-reanimated:assertMinimalReactNativeVersionTask
> Task :react-native-reanimated:assertNewArchitectureEnabledTask SKIPPED
> Task :expo:mergeReleaseAssets UP-TO-DATE
> Task :react-native-gesture-handler:compileReleaseLibraryResources UP-TO-DATE
> Task :expo:extractProguardFiles UP-TO-DATE
> Task :react-native-gesture-handler:prepareReleaseArtProfile UP-TO-DATE
> Task :react-native-worklets:generateCodegenArtifactsFromSchema UP-TO-DATE
> Task :expo:prepareLintJarForPublish UP-TO-DATE
> Task :expo:stripReleaseDebugSymbols NO-SOURCE
> Task :react-native-gesture-handler:mergeReleaseShaders UP-TO-DATE
> Task :expo:copyReleaseJniLibsProjectAndLocalJars UP-TO-DATE
> Task :react-native-gesture-handler:compileReleaseShaders NO-SOURCE
> Task :react-native-gesture-handler:generateReleaseAssets UP-TO-DATE
> Task :expo:extractDeepLinksForAarRelease UP-TO-DATE
> Task :react-native-gesture-handler:mergeReleaseAssets UP-TO-DATE
> Task :expo:writeReleaseLintModelMetadata UP-TO-DATE
> Task :react-native-gesture-handler:extractProguardFiles UP-TO-DATE
> Task :react-native-gesture-handler:prepareLintJarForPublish UP-TO-DATE
> Task :react-native-gesture-handler:extractDeepLinksForAarRelease UP-TO-DATE
> Task :react-native-gesture-handler:writeReleaseLintModelMetadata UP-TO-DATE
> Task :react-native-worklets:prepareWorkletsHeadersForPrefabs UP-TO-DATE
> Task :react-native-worklets:preBuild
> Task :react-native-worklets:preReleaseBuild

> Task :expo-constants:createExpoConfig
The NODE_ENV environment variable is required but was not specified. Ensure the project is bundled with Expo CLI or NODE_ENV is set. Using only .env.local and .env

> Task :expo-constants:preBuild
> Task :expo-constants:preReleaseBuild
> Task :expo-constants:mergeReleaseJniLibFolders UP-TO-DATE
> Task :expo-constants:mergeReleaseNativeLibs NO-SOURCE
> Task :expo-constants:copyReleaseJniLibsProjectOnly UP-TO-DATE
> Task :expo-constants:checkKotlinGradlePluginConfigurationErrors SKIPPED
> Task :expo-constants:generateReleaseBuildConfig UP-TO-DATE
> Task :expo-constants:generateReleaseResValues UP-TO-DATE
> Task :expo-constants:generateReleaseResources UP-TO-DATE
> Task :expo-constants:packageReleaseResources UP-TO-DATE
> Task :react-native-reanimated:assertWorkletsVersionTask
> Task :expo-constants:parseReleaseLocalResources UP-TO-DATE
> Task :react-native-reanimated:generateCodegenSchemaFromJavaScript UP-TO-DATE
> Task :expo-constants:generateReleaseRFile UP-TO-DATE
> Task :react-native-reanimated:generateCodegenArtifactsFromSchema UP-TO-DATE
> Task :expo-constants:javaPreCompileRelease UP-TO-DATE
> Task :expo-constants:writeReleaseAarMetadata UP-TO-DATE
> Task :expo-constants:extractDeepLinksRelease UP-TO-DATE
> Task :expo-constants:processReleaseManifest UP-TO-DATE
> Task :expo-constants:compileReleaseLibraryResources UP-TO-DATE
> Task :expo-constants:prepareReleaseArtProfile UP-TO-DATE
> Task :expo-constants:mergeReleaseShaders UP-TO-DATE
> Task :app:buildKotlinToolingMetadata UP-TO-DATE
> Task :app:checkKotlinGradlePluginConfigurationErrors SKIPPED
> Task :expo-constants:compileReleaseShaders NO-SOURCE
> Task :expo-constants:generateReleaseAssets UP-TO-DATE
> Task :expo-constants:mergeReleaseAssets UP-TO-DATE
> Task :expo-constants:extractProguardFiles UP-TO-DATE
> Task :react-native-reanimated:prepareReanimatedHeadersForPrefabs UP-TO-DATE
> Task :react-native-reanimated:preBuild
> Task :react-native-reanimated:preReleaseBuild
> Task :expo-constants:prepareLintJarForPublish UP-TO-DATE
> Task :react-native-reanimated:mergeReleaseJniLibFolders UP-TO-DATE
> Task :expo-constants:stripReleaseDebugSymbols NO-SOURCE
> Task :expo-constants:copyReleaseJniLibsProjectAndLocalJars UP-TO-DATE
> Task :expo-constants:extractDeepLinksForAarRelease UP-TO-DATE
> Task :expo-constants:writeReleaseLintModelMetadata UP-TO-DATE
> Task :expo-constants:mapReleaseSourceSetPaths UP-TO-DATE
> Task :react-native-reanimated:generateReleaseBuildConfig UP-TO-DATE
> Task :react-native-async-storage_async-storage:compileReleaseJavaWithJavac UP-TO-DATE
> Task :react-native-reanimated:generateReleaseResValues UP-TO-DATE
> Task :react-native-reanimated:generateReleaseResources UP-TO-DATE
> Task :react-native-async-storage_async-storage:bundleLibRuntimeToDirRelease UP-TO-DATE
> Task :expo-constants:mergeReleaseResources UP-TO-DATE
> Task :react-native-async-storage_async-storage:writeReleaseAarMetadata UP-TO-DATE
> Task :react-native-async-storage_async-storage:extractDeepLinksRelease UP-TO-DATE
> Task :react-native-reanimated:packageReleaseResources UP-TO-DATE
> Task :react-native-async-storage_async-storage:processReleaseManifest UP-TO-DATE
> Task :react-native-async-storage_async-storage:compileReleaseLibraryResources UP-TO-DATE
> Task :react-native-async-storage_async-storage:bundleLibCompileToJarRelease UP-TO-DATE
> Task :react-native-async-storage_async-storage:prepareReleaseArtProfile UP-TO-DATE
> Task :react-native-reanimated:parseReleaseLocalResources UP-TO-DATE
> Task :react-native-async-storage_async-storage:bundleLibRuntimeToJarRelease UP-TO-DATE
> Task :react-native-reanimated:generateReleaseRFile UP-TO-DATE
> Task :react-native-reanimated:javaPreCompileRelease UP-TO-DATE
> Task :react-native-reanimated:writeReleaseAarMetadata UP-TO-DATE
> Task :react-native-reanimated:extractDeepLinksRelease UP-TO-DATE
> Task :react-native-reanimated:processReleaseManifest UP-TO-DATE
> Task :react-native-reanimated:compileReleaseLibraryResources UP-TO-DATE
> Task :react-native-async-storage_async-storage:mergeReleaseShaders UP-TO-DATE
> Task :react-native-reanimated:prepareReleaseArtProfile UP-TO-DATE
> Task :expo-constants:verifyReleaseResources UP-TO-DATE
> Task :react-native-async-storage_async-storage:compileReleaseShaders NO-SOURCE
> Task :react-native-async-storage_async-storage:generateReleaseAssets UP-TO-DATE
> Task :react-native-reanimated:mergeReleaseShaders UP-TO-DATE
> Task :react-native-reanimated:compileReleaseShaders NO-SOURCE
> Task :react-native-reanimated:generateReleaseAssets UP-TO-DATE
> Task :react-native-async-storage_async-storage:mergeReleaseAssets UP-TO-DATE
> Task :react-native-reanimated:mergeReleaseAssets UP-TO-DATE
> Task :react-native-reanimated:processReleaseJavaRes NO-SOURCE
> Task :react-native-reanimated:extractProguardFiles UP-TO-DATE
> Task :react-native-reanimated:prepareLintJarForPublish UP-TO-DATE
> Task :react-native-reanimated:extractDeepLinksForAarRelease UP-TO-DATE
> Task :react-native-safe-area-context:compileReleaseKotlin UP-TO-DATE
> Task :react-native-reanimated:mergeReleaseJavaResource UP-TO-DATE
> Task :react-native-safe-area-context:javaPreCompileRelease UP-TO-DATE
> Task :react-native-reanimated:writeReleaseLintModelMetadata UP-TO-DATE
> Task :react-native-safe-area-context:compileReleaseJavaWithJavac UP-TO-DATE
> Task :react-native-safe-area-context:bundleLibRuntimeToDirRelease UP-TO-DATE
> Task :react-native-safe-area-context:writeReleaseAarMetadata UP-TO-DATE
> Task :react-native-safe-area-context:extractDeepLinksRelease UP-TO-DATE
> Task :react-native-safe-area-context:processReleaseManifest UP-TO-DATE
> Task :react-native-safe-area-context:compileReleaseLibraryResources UP-TO-DATE
> Task :react-native-safe-area-context:bundleLibCompileToJarRelease UP-TO-DATE
> Task :react-native-safe-area-context:prepareReleaseArtProfile UP-TO-DATE
> Task :react-native-safe-area-context:bundleLibRuntimeToJarRelease UP-TO-DATE
> Task :react-native-safe-area-context:mergeReleaseShaders UP-TO-DATE
> Task :react-native-safe-area-context:compileReleaseShaders NO-SOURCE
> Task :react-native-safe-area-context:generateReleaseAssets UP-TO-DATE
> Task :react-native-safe-area-context:mergeReleaseAssets UP-TO-DATE
> Task :react-native-safe-area-context:processReleaseJavaRes UP-TO-DATE
> Task :react-native-safe-area-context:createFullJarRelease UP-TO-DATE
> Task :react-native-safe-area-context:extractProguardFiles UP-TO-DATE
> Task :react-native-async-storage_async-storage:processReleaseJavaRes NO-SOURCE

> Task :app:createBundleReleaseJsAndAssets
React Compiler enabled
Starting Metro Bundler
warning: Bundler cache is empty, rebuilding (this may take a minute)

> Task :react-native-async-storage_async-storage:createFullJarRelease UP-TO-DATE
> Task :react-native-async-storage_async-storage:extractProguardFiles UP-TO-DATE

> Task :app:createBundleReleaseJsAndAssets
Android node_modules\expo-router\entry.js Ã”Ã»Ã¦Ã”Ã»Ã¦Ã”Ã»Ã¦Ã”Ã»Ã¦Ã”Ã»Ã¦Ã”Ã»Ã¦Ã”Ã»Ã¦Ã”Ã»Ã¦Ã”Ã»Ã¦Ã”Ã»Ã¦Ã”Ã»Ã¦Ã”Ã»Ã¦Ã”Ã»Ã¦Ã”Ã»Ã¦Ã”Ã»Ã¦Ã”Ã»Ã¦  0.0% (0/1)
Android node_modules\expo-router\entry.js Ã”Ã»Ã´Ã”Ã»Ã´Ã”Ã»Ã´Ã”Ã»Ã´Ã”Ã»Ã¦Ã”Ã»Ã¦Ã”Ã»Ã¦Ã”Ã»Ã¦Ã”Ã»Ã¦Ã”Ã»Ã¦Ã”Ã»Ã¦Ã”Ã»Ã¦Ã”Ã»Ã¦Ã”Ã»Ã¦Ã”Ã»Ã¦Ã”Ã»Ã¦ 25.0% ( 73/173)
Android node_modules\expo-router\entry.js Ã”Ã»Ã´Ã”Ã»Ã´Ã”Ã»Ã´Ã”Ã»Ã´Ã”Ã»Ã¦Ã”Ã»Ã¦Ã”Ã»Ã¦Ã”Ã»Ã¦Ã”Ã»Ã¦Ã”Ã»Ã¦Ã”Ã»Ã¦Ã”Ã»Ã¦Ã”Ã»Ã¦Ã”Ã»Ã¦Ã”Ã»Ã¦Ã”Ã»Ã¦ 25.0% ( 95/285)
Android node_modules\expo-router\entry.js Ã”Ã»Ã´Ã”Ã»Ã´Ã”Ã»Ã´Ã”Ã»Ã´Ã”Ã»Ã¦Ã”Ã»Ã¦Ã”Ã»Ã¦Ã”Ã»Ã¦Ã”Ã»Ã¦Ã”Ã»Ã¦Ã”Ã»Ã¦Ã”Ã»Ã¦Ã”Ã»Ã¦Ã”Ã»Ã¦Ã”Ã»Ã¦Ã”Ã»Ã¦ 25.0% (203/465)

> Task :expo-modules-core:configureCMakeRelWithDebInfo[arm64-v8a]
> Task :react-native-screens:configureCMakeRelWithDebInfo[arm64-v8a]
> Task :react-native-worklets:configureCMakeRelWithDebInfo[arm64-v8a]
> Task :react-native-safe-area-context:generateReleaseLintModel
> Task :react-native-async-storage_async-storage:generateReleaseLintModel

> Task :app:createBundleReleaseJsAndAssets
Android node_modules\expo-router\entry.js Ã”Ã»Ã´Ã”Ã»Ã´Ã”Ã»Ã´Ã”Ã»Ã´Ã”Ã»Ã´Ã”Ã»Ã¦Ã”Ã»Ã¦Ã”Ã»Ã¦Ã”Ã»Ã¦Ã”Ã»Ã¦Ã”Ã»Ã¦Ã”Ã»Ã¦Ã”Ã»Ã¦Ã”Ã»Ã¦Ã”Ã»Ã¦Ã”Ã»Ã¦ 35.9% (369/616)
Android node_modules\expo-router\entry.js Ã”Ã»Ã´Ã”Ã»Ã´Ã”Ã»Ã´Ã”Ã»Ã´Ã”Ã»Ã´Ã”Ã»Ã´Ã”Ã»Ã´Ã”Ã»Ã´Ã”Ã»Ã¦Ã”Ã»Ã¦Ã”Ã»Ã¦Ã”Ã»Ã¦Ã”Ã»Ã¦Ã”Ã»Ã¦Ã”Ã»Ã¦Ã”Ã»Ã¦ 50.5% (645/908)
Android node_modules\expo-router\entry.js Ã”Ã»Ã´Ã”Ã»Ã´Ã”Ã»Ã´Ã”Ã»Ã´Ã”Ã»Ã´Ã”Ã»Ã´Ã”Ã»Ã´Ã”Ã»Ã´Ã”Ã»Ã´Ã”Ã»Ã¦Ã”Ã»Ã¦Ã”Ã»Ã¦Ã”Ã»Ã¦Ã”Ã»Ã¦Ã”Ã»Ã¦Ã”Ã»Ã¦ 56.6% ( 814/1082)
Android node_modules\expo-router\entry.js Ã”Ã»Ã´Ã”Ã»Ã´Ã”Ã»Ã´Ã”Ã»Ã´Ã”Ã»Ã´Ã”Ã»Ã´Ã”Ã»Ã´Ã”Ã»Ã´Ã”Ã»Ã´Ã”Ã»Ã´Ã”Ã»Ã´Ã”Ã»Ã¦Ã”Ã»Ã¦Ã”Ã»Ã¦Ã”Ã»Ã¦Ã”Ã»Ã¦ 72.2% (1036/1219)
Android node_modules\expo-router\entry.js Ã”Ã»Ã´Ã”Ã»Ã´Ã”Ã»Ã´Ã”Ã»Ã´Ã”Ã»Ã´Ã”Ã»Ã´Ã”Ã»Ã´Ã”Ã»Ã´Ã”Ã»Ã´Ã”Ã»Ã´Ã”Ã»Ã´Ã”Ã»Ã´Ã”Ã»Ã´Ã”Ã»Ã¦Ã”Ã»Ã¦Ã”Ã»Ã¦ 83.7% (1180/1290)
Android node_modules\expo-router\entry.js Ã”Ã»Ã´Ã”Ã»Ã´Ã”Ã»Ã´Ã”Ã»Ã´Ã”Ã»Ã´Ã”Ã»Ã´Ã”Ã»Ã´Ã”Ã»Ã´Ã”Ã»Ã´Ã”Ã»Ã´Ã”Ã»Ã´Ã”Ã»Ã´Ã”Ã»Ã´Ã”Ã»Ã´Ã”Ã»Ã¦Ã”Ã»Ã¦ 93.3% (1407/1466)
Android node_modules\expo-router\entry.js Ã”Ã»Ã´Ã”Ã»Ã´Ã”Ã»Ã´Ã”Ã»Ã´Ã”Ã»Ã´Ã”Ã»Ã´Ã”Ã»Ã´Ã”Ã»Ã´Ã”Ã»Ã´Ã”Ã»Ã´Ã”Ã»Ã´Ã”Ã»Ã´Ã”Ã»Ã´Ã”Ã»Ã´Ã”Ã»Ã´Ã”Ã»Ã¦ 99.9% (1532/1533)
Android node_modules\expo-router\entry.js Ã”Ã»Ã´Ã”Ã»Ã´Ã”Ã»Ã´Ã”Ã»Ã´Ã”Ã»Ã´Ã”Ã»Ã´Ã”Ã»Ã´Ã”Ã»Ã´Ã”Ã»Ã´Ã”Ã»Ã´Ã”Ã»Ã´Ã”Ã»Ã´Ã”Ã»Ã´Ã”Ã»Ã´Ã”Ã»Ã´Ã”Ã»Ã¦ 99.9% (1533/1533)
Android Bundled 40048ms node_modules\expo-router\entry.js (1535 modules)
Writing bundle output to: android\app\build\generated\assets\createBundleReleaseJsAndAssets\index.android.bundle
Writing sourcemap output to: android\app\build\intermediates\sourcemaps\react\release\index.android.bundle.packager.map
Copying 48 asset files
Done writing bundle output
Done writing sourcemap output

> Task :app:preBuild
> Task :app:preReleaseBuild
> Task :app:mergeReleaseJniLibFolders UP-TO-DATE
> Task :app:checkReleaseDuplicateClasses UP-TO-DATE
> Task :app:generateReleaseBuildConfig UP-TO-DATE
> Task :app:generateReleaseResValues UP-TO-DATE
> Task :app:generateReleaseResources UP-TO-DATE
> Task :react-native-safe-area-context:generateReleaseLintModel UP-TO-DATE
> Task :app:packageReleaseResources UP-TO-DATE
> Task :react-native-safe-area-context:prepareLintJarForPublish UP-TO-DATE
> Task :react-native-async-storage_async-storage:generateReleaseLintModel UP-TO-DATE
> Task :react-native-safe-area-context:stripReleaseDebugSymbols NO-SOURCE
> Task :react-native-async-storage_async-storage:prepareLintJarForPublish UP-TO-DATE
> Task :app:parseReleaseLocalResources UP-TO-DATE
> Task :react-native-async-storage_async-storage:stripReleaseDebugSymbols NO-SOURCE
> Task :react-native-safe-area-context:copyReleaseJniLibsProjectAndLocalJars UP-TO-DATE
> Task :react-native-safe-area-context:extractDeepLinksForAarRelease UP-TO-DATE
> Task :react-native-async-storage_async-storage:copyReleaseJniLibsProjectAndLocalJars UP-TO-DATE
> Task :app:createReleaseCompatibleScreenManifests UP-TO-DATE
> Task :react-native-async-storage_async-storage:extractDeepLinksForAarRelease UP-TO-DATE
> Task :app:extractDeepLinksRelease UP-TO-DATE
> Task :app:javaPreCompileRelease UP-TO-DATE
> Task :app:desugarReleaseFileDependencies UP-TO-DATE
> Task :app:mergeReleaseStartupProfile UP-TO-DATE
> Task :react-native-safe-area-context:extractReleaseAnnotations UP-TO-DATE
> Task :react-native-async-storage_async-storage:extractReleaseAnnotations UP-TO-DATE
> Task :react-native-async-storage_async-storage:mergeReleaseGeneratedProguardFiles UP-TO-DATE
> Task :react-native-safe-area-context:mergeReleaseGeneratedProguardFiles UP-TO-DATE
> Task :react-native-safe-area-context:mergeReleaseConsumerProguardFiles UP-TO-DATE
> Task :react-native-async-storage_async-storage:mergeReleaseConsumerProguardFiles UP-TO-DATE
> Task :react-native-safe-area-context:mergeReleaseJavaResource UP-TO-DATE
> Task :react-native-async-storage_async-storage:mergeReleaseJavaResource UP-TO-DATE
> Task :react-native-async-storage_async-storage:syncReleaseLibJars UP-TO-DATE
> Task :react-native-async-storage_async-storage:bundleReleaseLocalLintAar UP-TO-DATE
> Task :react-native-safe-area-context:syncReleaseLibJars UP-TO-DATE
> Task :react-native-safe-area-context:bundleReleaseLocalLintAar UP-TO-DATE
> Task :react-native-safe-area-context:lintVitalAnalyzeRelease UP-TO-DATE
> Task :react-native-safe-area-context:writeReleaseLintModelMetadata UP-TO-DATE
> Task :react-native-async-storage_async-storage:lintVitalAnalyzeRelease UP-TO-DATE
> Task :react-native-async-storage_async-storage:writeReleaseLintModelMetadata UP-TO-DATE
> Task :react-native-safe-area-context:generateReleaseLintVitalModel UP-TO-DATE
> Task :react-native-async-storage_async-storage:generateReleaseLintVitalModel UP-TO-DATE
> Task :react-native-safe-area-context:bundleReleaseAar UP-TO-DATE
> Task :react-native-async-storage_async-storage:bundleReleaseAar UP-TO-DATE
> Task :react-native-worklets:configureCMakeRelWithDebInfo[armeabi-v7a]
> Task :react-native-worklets:configureCMakeRelWithDebInfo[x86]
> Task :react-native-worklets:configureCMakeRelWithDebInfo[x86_64]
> Task :react-native-worklets:generateJsonModelRelease
> Task :react-native-worklets:prefabReleaseConfigurePackage UP-TO-DATE
> Task :react-native-reanimated:configureCMakeRelWithDebInfo[arm64-v8a]
> Task :react-native-reanimated:configureCMakeRelWithDebInfo[armeabi-v7a]
> Task :react-native-reanimated:configureCMakeRelWithDebInfo[x86]
> Task :react-native-reanimated:configureCMakeRelWithDebInfo[x86_64]
> Task :react-native-reanimated:generateJsonModelRelease
> Task :react-native-reanimated:prefabReleaseConfigurePackage UP-TO-DATE
> Task :react-native-async-storage_async-storage:mapReleaseSourceSetPaths UP-TO-DATE
> Task :react-native-safe-area-context:mapReleaseSourceSetPaths UP-TO-DATE
> Task :app:mergeExtDexRelease UP-TO-DATE
> Task :react-native-async-storage_async-storage:mergeReleaseResources UP-TO-DATE
> Task :react-native-safe-area-context:mergeReleaseResources UP-TO-DATE
> Task :react-native-gesture-handler:configureCMakeRelWithDebInfo[arm64-v8a]
> Task :react-native-gesture-handler:configureCMakeRelWithDebInfo[armeabi-v7a]
> Task :react-native-gesture-handler:configureCMakeRelWithDebInfo[x86]
> Task :react-native-gesture-handler:configureCMakeRelWithDebInfo[x86_64]
> Task :react-native-async-storage_async-storage:verifyReleaseResources UP-TO-DATE
> Task :react-native-safe-area-context:verifyReleaseResources UP-TO-DATE
> Task :react-native-safe-area-context:assembleRelease UP-TO-DATE
> Task :react-native-async-storage_async-storage:assembleRelease UP-TO-DATE
> Task :app:configureCMakeRelWithDebInfo[arm64-v8a]
> Task :app:configureCMakeRelWithDebInfo[armeabi-v7a]
> Task :app:configureCMakeRelWithDebInfo[x86]
> Task :app:configureCMakeRelWithDebInfo[x86_64]
> Task :app:mergeReleaseShaders UP-TO-DATE
> Task :app:compileReleaseShaders NO-SOURCE
> Task :app:generateReleaseAssets UP-TO-DATE
> Task :app:extractReleaseVersionControlInfo UP-TO-DATE
> Task :app:extractProguardFiles UP-TO-DATE
> Task :app:collectReleaseDependencies UP-TO-DATE
> Task :app:sdkReleaseDependencyData UP-TO-DATE
> Task :app:validateSigningRelease UP-TO-DATE
> Task :app:writeReleaseAppMetadata UP-TO-DATE
> Task :app:writeReleaseSigningConfigVersions UP-TO-DATE
> Task :react-native-screens:buildCMakeRelWithDebInfo[arm64-v8a]
> Task :react-native-screens:configureCMakeRelWithDebInfo[armeabi-v7a]
> Task :react-native-screens:buildCMakeRelWithDebInfo[armeabi-v7a]
> Task :react-native-screens:configureCMakeRelWithDebInfo[x86]
> Task :expo-modules-core:buildCMakeRelWithDebInfo[arm64-v8a]
> Task :react-native-worklets:buildCMakeRelWithDebInfo[arm64-v8a][worklets]
> Task :expo-modules-core:configureCMakeRelWithDebInfo[armeabi-v7a]
> Task :react-native-screens:buildCMakeRelWithDebInfo[x86]
> Task :react-native-screens:configureCMakeRelWithDebInfo[x86_64]
> Task :react-native-screens:buildCMakeRelWithDebInfo[x86_64]
> Task :react-native-screens:mergeReleaseJniLibFolders UP-TO-DATE
> Task :react-native-screens:mergeReleaseNativeLibs UP-TO-DATE
> Task :react-native-screens:copyReleaseJniLibsProjectOnly UP-TO-DATE
> Task :react-native-screens:checkKotlinGradlePluginConfigurationErrors SKIPPED
> Task :react-native-screens:generateReleaseBuildConfig UP-TO-DATE
> Task :react-native-screens:generateReleaseResValues UP-TO-DATE
> Task :react-native-screens:generateReleaseResources UP-TO-DATE
> Task :react-native-screens:packageReleaseResources UP-TO-DATE
> Task :react-native-screens:parseReleaseLocalResources UP-TO-DATE
> Task :react-native-screens:generateReleaseRFile UP-TO-DATE
> Task :react-native-screens:compileReleaseKotlin UP-TO-DATE
> Task :react-native-screens:javaPreCompileRelease UP-TO-DATE
> Task :expo-modules-core:buildCMakeRelWithDebInfo[armeabi-v7a]
> Task :react-native-screens:compileReleaseJavaWithJavac UP-TO-DATE
> Task :react-native-screens:bundleLibRuntimeToDirRelease UP-TO-DATE
> Task :react-native-screens:writeReleaseAarMetadata UP-TO-DATE
> Task :react-native-screens:extractDeepLinksRelease UP-TO-DATE
> Task :react-native-screens:processReleaseManifest UP-TO-DATE
> Task :react-native-screens:compileReleaseLibraryResources UP-TO-DATE
> Task :react-native-screens:bundleLibCompileToJarRelease UP-TO-DATE
> Task :react-native-screens:prepareReleaseArtProfile UP-TO-DATE
> Task :react-native-screens:bundleLibRuntimeToJarRelease UP-TO-DATE
> Task :react-native-screens:mergeReleaseShaders UP-TO-DATE
> Task :react-native-screens:compileReleaseShaders NO-SOURCE
> Task :react-native-screens:generateReleaseAssets UP-TO-DATE
> Task :react-native-screens:mergeReleaseAssets UP-TO-DATE
> Task :react-native-screens:processReleaseJavaRes UP-TO-DATE
> Task :react-native-screens:createFullJarRelease UP-TO-DATE
> Task :react-native-screens:extractProguardFiles UP-TO-DATE
> Task :react-native-screens:generateReleaseLintModel UP-TO-DATE
> Task :react-native-screens:prepareLintJarForPublish UP-TO-DATE
> Task :react-native-screens:stripReleaseDebugSymbols UP-TO-DATE
> Task :react-native-screens:copyReleaseJniLibsProjectAndLocalJars UP-TO-DATE
> Task :react-native-screens:extractDeepLinksForAarRelease UP-TO-DATE
> Task :react-native-screens:extractReleaseAnnotations UP-TO-DATE
> Task :react-native-screens:mergeReleaseGeneratedProguardFiles UP-TO-DATE
> Task :react-native-screens:mergeReleaseConsumerProguardFiles UP-TO-DATE
> Task :react-native-screens:mergeReleaseJavaResource UP-TO-DATE
> Task :react-native-screens:syncReleaseLibJars UP-TO-DATE
> Task :react-native-screens:bundleReleaseLocalLintAar UP-TO-DATE
> Task :react-native-screens:lintVitalAnalyzeRelease UP-TO-DATE
> Task :react-native-screens:writeReleaseLintModelMetadata UP-TO-DATE
> Task :react-native-screens:generateReleaseLintVitalModel UP-TO-DATE
> Task :react-native-screens:bundleReleaseAar UP-TO-DATE
> Task :react-native-screens:mapReleaseSourceSetPaths UP-TO-DATE
> Task :react-native-worklets:buildCMakeRelWithDebInfo[armeabi-v7a][worklets]
> Task :react-native-screens:mergeReleaseResources UP-TO-DATE
> Task :react-native-screens:verifyReleaseResources UP-TO-DATE
> Task :react-native-screens:assembleRelease UP-TO-DATE
> Task :expo-modules-core:configureCMakeRelWithDebInfo[x86]
> Task :expo-modules-core:buildCMakeRelWithDebInfo[x86]
> Task :expo-modules-core:configureCMakeRelWithDebInfo[x86_64]
> Task :react-native-worklets:buildCMakeRelWithDebInfo[x86][worklets]
> Task :expo-modules-core:buildCMakeRelWithDebInfo[x86_64]
> Task :expo-modules-core:mergeReleaseJniLibFolders UP-TO-DATE
> Task :expo-modules-core:mergeReleaseNativeLibs UP-TO-DATE
> Task :expo-modules-core:copyReleaseJniLibsProjectOnly UP-TO-DATE
> Task :expo-modules-core:checkKotlinGradlePluginConfigurationErrors SKIPPED
> Task :expo-modules-core:generateReleaseBuildConfig UP-TO-DATE
> Task :expo-modules-core:generateReleaseResValues UP-TO-DATE
> Task :expo-modules-core:generateReleaseResources UP-TO-DATE
> Task :expo-modules-core:packageReleaseResources UP-TO-DATE
> Task :expo-modules-core:parseReleaseLocalResources UP-TO-DATE
> Task :expo-modules-core:generateReleaseRFile UP-TO-DATE
> Task :expo:mapReleaseSourceSetPaths UP-TO-DATE
> Task :expo-modules-core:compileReleaseKotlin UP-TO-DATE
> Task :expo-modules-core:javaPreCompileRelease UP-TO-DATE
> Task :expo-modules-core:compileReleaseJavaWithJavac UP-TO-DATE
> Task :expo-modules-core:bundleLibCompileToJarRelease UP-TO-DATE
> Task :expo-constants:compileReleaseKotlin UP-TO-DATE
> Task :expo-constants:compileReleaseJavaWithJavac UP-TO-DATE
> Task :expo-constants:bundleLibCompileToJarRelease UP-TO-DATE
> Task :expo-constants:bundleLibRuntimeToDirRelease UP-TO-DATE
> Task :expo-constants:bundleLibRuntimeToJarRelease UP-TO-DATE
> Task :expo-constants:processReleaseJavaRes UP-TO-DATE
> Task :expo-constants:createFullJarRelease UP-TO-DATE
> Task :expo-constants:extractReleaseAnnotations UP-TO-DATE
> Task :expo-constants:mergeReleaseGeneratedProguardFiles UP-TO-DATE
> Task :expo-constants:mergeReleaseConsumerProguardFiles UP-TO-DATE
> Task :expo-constants:mergeReleaseJavaResource UP-TO-DATE
> Task :expo:mergeReleaseResources UP-TO-DATE
> Task :expo-constants:syncReleaseLibJars UP-TO-DATE
> Task :expo-constants:bundleReleaseLocalLintAar UP-TO-DATE
> Task :expo-constants:bundleReleaseAar UP-TO-DATE
> Task :expo-constants:assembleRelease UP-TO-DATE
> Task :expo-modules-core:bundleLibRuntimeToDirRelease UP-TO-DATE
> Task :expo-modules-core:writeReleaseAarMetadata UP-TO-DATE
> Task :expo-modules-core:extractDeepLinksRelease UP-TO-DATE
> Task :expo-modules-core:processReleaseManifest UP-TO-DATE
> Task :expo-modules-core:compileReleaseLibraryResources UP-TO-DATE
> Task :expo-modules-core:prepareReleaseArtProfile UP-TO-DATE
> Task :expo-modules-core:bundleLibRuntimeToJarRelease UP-TO-DATE
> Task :expo-modules-core:mergeReleaseShaders UP-TO-DATE
> Task :expo-modules-core:compileReleaseShaders NO-SOURCE
> Task :expo-modules-core:generateReleaseAssets UP-TO-DATE
> Task :expo-modules-core:mergeReleaseAssets UP-TO-DATE
> Task :expo-modules-core:processReleaseJavaRes UP-TO-DATE
> Task :expo-modules-core:createFullJarRelease UP-TO-DATE
> Task :expo-modules-core:extractProguardFiles UP-TO-DATE
> Task :expo-modules-core:generateReleaseLintModel UP-TO-DATE
> Task :expo-modules-core:prepareLintJarForPublish UP-TO-DATE
> Task :expo-modules-core:stripReleaseDebugSymbols UP-TO-DATE
> Task :expo-constants:generateReleaseLintModel UP-TO-DATE
> Task :expo-modules-core:copyReleaseJniLibsProjectAndLocalJars UP-TO-DATE
> Task :expo-modules-core:extractDeepLinksForAarRelease UP-TO-DATE
> Task :expo-constants:generateReleaseLintVitalModel UP-TO-DATE
> Task :expo-modules-core:extractReleaseAnnotations UP-TO-DATE
> Task :expo-modules-core:mergeReleaseGeneratedProguardFiles UP-TO-DATE
> Task :expo-modules-core:mergeReleaseConsumerProguardFiles UP-TO-DATE
> Task :expo-modules-core:mergeReleaseJavaResource UP-TO-DATE
> Task :expo-modules-core:syncReleaseLibJars UP-TO-DATE
> Task :expo-modules-core:bundleReleaseLocalLintAar UP-TO-DATE
> Task :expo-modules-core:writeReleaseLintModelMetadata UP-TO-DATE
> Task :expo-modules-core:lintVitalAnalyzeRelease UP-TO-DATE
> Task :expo-modules-core:generateReleaseLintVitalModel UP-TO-DATE
> Task :expo-modules-core:bundleReleaseAar UP-TO-DATE
> Task :expo-modules-core:mapReleaseSourceSetPaths UP-TO-DATE
> Task :expo-constants:lintVitalAnalyzeRelease UP-TO-DATE
> Task :expo:compileReleaseKotlin UP-TO-DATE
> Task :expo:compileReleaseJavaWithJavac UP-TO-DATE
> Task :expo:bundleLibRuntimeToDirRelease UP-TO-DATE
> Task :expo:bundleLibCompileToJarRelease UP-TO-DATE
> Task :expo:bundleLibRuntimeToJarRelease UP-TO-DATE
> Task :expo:processReleaseJavaRes UP-TO-DATE
> Task :expo:createFullJarRelease UP-TO-DATE
> Task :expo:generateReleaseLintModel UP-TO-DATE
> Task :expo-modules-core:mergeReleaseResources UP-TO-DATE
> Task :expo:extractReleaseAnnotations UP-TO-DATE
> Task :expo:mergeReleaseGeneratedProguardFiles UP-TO-DATE
> Task :expo:mergeReleaseConsumerProguardFiles UP-TO-DATE
> Task :expo:mergeReleaseJavaResource UP-TO-DATE
> Task :expo:syncReleaseLibJars UP-TO-DATE
> Task :expo:bundleReleaseLocalLintAar UP-TO-DATE
> Task :expo:lintVitalAnalyzeRelease UP-TO-DATE
> Task :expo:generateReleaseLintVitalModel UP-TO-DATE
> Task :expo:bundleReleaseAar UP-TO-DATE
> Task :expo-modules-core:verifyReleaseResources UP-TO-DATE
> Task :expo-modules-core:assembleRelease UP-TO-DATE
> Task :expo:verifyReleaseResources UP-TO-DATE
> Task :expo:assembleRelease UP-TO-DATE
> Task :react-native-worklets:buildCMakeRelWithDebInfo[x86_64][worklets]
> Task :react-native-worklets:externalNativeBuildRelease
> Task :react-native-worklets:prefabReleasePackage UP-TO-DATE
> Task :react-native-worklets:mergeReleaseJniLibFolders UP-TO-DATE
> Task :react-native-worklets:mergeReleaseNativeLibs UP-TO-DATE
> Task :react-native-worklets:copyReleaseJniLibsProjectOnly UP-TO-DATE
> Task :react-native-worklets:generateReleaseBuildConfig UP-TO-DATE
> Task :react-native-worklets:generateReleaseResValues UP-TO-DATE
> Task :react-native-worklets:generateReleaseResources UP-TO-DATE
> Task :react-native-worklets:packageReleaseResources UP-TO-DATE
> Task :react-native-gesture-handler:mapReleaseSourceSetPaths UP-TO-DATE
> Task :react-native-worklets:parseReleaseLocalResources UP-TO-DATE
> Task :react-native-worklets:generateReleaseRFile UP-TO-DATE
> Task :react-native-worklets:javaPreCompileRelease UP-TO-DATE
> Task :app:mapReleaseSourceSetPaths UP-TO-DATE
> Task :react-native-worklets:compileReleaseJavaWithJavac UP-TO-DATE
> Task :react-native-worklets:bundleLibCompileToJarRelease UP-TO-DATE
> Task :react-native-worklets:bundleLibRuntimeToDirRelease UP-TO-DATE
> Task :react-native-worklets:writeReleaseAarMetadata UP-TO-DATE
> Task :react-native-worklets:extractDeepLinksRelease UP-TO-DATE
> Task :react-native-worklets:processReleaseManifest UP-TO-DATE
> Task :react-native-worklets:compileReleaseLibraryResources UP-TO-DATE
> Task :react-native-worklets:prepareReleaseArtProfile UP-TO-DATE
> Task :react-native-worklets:bundleLibRuntimeToJarRelease UP-TO-DATE
> Task :react-native-worklets:mergeReleaseShaders UP-TO-DATE
> Task :react-native-worklets:compileReleaseShaders NO-SOURCE
> Task :react-native-worklets:generateReleaseAssets UP-TO-DATE
> Task :react-native-worklets:mergeReleaseAssets UP-TO-DATE
> Task :react-native-worklets:processReleaseJavaRes NO-SOURCE
> Task :react-native-worklets:createFullJarRelease UP-TO-DATE
> Task :react-native-worklets:extractProguardFiles UP-TO-DATE
> Task :react-native-worklets:generateReleaseLintModel UP-TO-DATE
> Task :react-native-worklets:prepareLintJarForPublish UP-TO-DATE
> Task :react-native-worklets:stripReleaseDebugSymbols UP-TO-DATE
> Task :app:mergeReleaseResources UP-TO-DATE
> Task :react-native-worklets:copyReleaseJniLibsProjectAndLocalJars UP-TO-DATE
> Task :react-native-worklets:extractDeepLinksForAarRelease UP-TO-DATE
> Task :react-native-worklets:extractReleaseAnnotations UP-TO-DATE
> Task :react-native-worklets:mergeReleaseGeneratedProguardFiles UP-TO-DATE
> Task :react-native-worklets:mergeReleaseConsumerProguardFiles UP-TO-DATE
> Task :react-native-worklets:mergeReleaseJavaResource UP-TO-DATE
> Task :react-native-worklets:syncReleaseLibJars UP-TO-DATE
> Task :react-native-worklets:bundleReleaseLocalLintAar UP-TO-DATE
> Task :react-native-gesture-handler:mergeReleaseResources UP-TO-DATE
> Task :react-native-worklets:writeReleaseLintModelMetadata UP-TO-DATE
> Task :app:checkReleaseAarMetadata UP-TO-DATE
> Task :react-native-worklets:lintVitalAnalyzeRelease UP-TO-DATE
> Task :react-native-worklets:generateReleaseLintVitalModel UP-TO-DATE
> Task :react-native-worklets:bundleReleaseAar UP-TO-DATE
> Task :react-native-worklets:mapReleaseSourceSetPaths UP-TO-DATE
> Task :react-native-worklets:mergeReleaseResources UP-TO-DATE
> Task :react-native-gesture-handler:verifyReleaseResources UP-TO-DATE
> Task :react-native-worklets:verifyReleaseResources UP-TO-DATE
> Task :react-native-worklets:assembleRelease UP-TO-DATE

> Task :app:processReleaseMainManifest
D:\Apps\Inv\EscanerCodigos\android\app\src\main\AndroidManifest.xml Warning:
	provider#expo.modules.filesystem.FileSystemFileProvider@android:authorities was tagged at AndroidManifest.xml:0 to replace other declarations but no other declaration present
D:\Apps\Inv\EscanerCodigos\android\app\src\main\AndroidManifest.xml Warning:
	activity#expo.modules.imagepicker.ExpoCropImageActivity@android:exported was tagged at AndroidManifest.xml:0 to replace other declarations but no other declaration present

> Task :app:processReleaseManifest
> Task :app:mergeReleaseArtProfile UP-TO-DATE
> Task :app:mergeReleaseAssets UP-TO-DATE
> Task :app:compressReleaseAssets UP-TO-DATE
> Task :app:processReleaseManifestForPackage
> Task :app:processReleaseResources
> Task :app:optimizeReleaseResources
> Task :react-native-reanimated:buildCMakeRelWithDebInfo[arm64-v8a][reanimated]
> Task :react-native-reanimated:buildCMakeRelWithDebInfo[armeabi-v7a][reanimated]
> Task :react-native-reanimated:buildCMakeRelWithDebInfo[x86][reanimated]
> Task :react-native-reanimated:buildCMakeRelWithDebInfo[x86_64][reanimated]
> Task :react-native-reanimated:externalNativeBuildRelease
> Task :react-native-reanimated:prefabReleasePackage UP-TO-DATE
> Task :react-native-reanimated:mergeReleaseNativeLibs UP-TO-DATE
> Task :react-native-reanimated:copyReleaseJniLibsProjectOnly UP-TO-DATE
> Task :react-native-reanimated:compileReleaseJavaWithJavac UP-TO-DATE
> Task :react-native-reanimated:bundleLibCompileToJarRelease UP-TO-DATE
> Task :react-native-reanimated:bundleLibRuntimeToDirRelease UP-TO-DATE
> Task :react-native-reanimated:bundleLibRuntimeToJarRelease UP-TO-DATE
> Task :react-native-reanimated:createFullJarRelease UP-TO-DATE
> Task :react-native-reanimated:generateReleaseLintModel UP-TO-DATE
> Task :react-native-reanimated:stripReleaseDebugSymbols UP-TO-DATE
> Task :react-native-reanimated:copyReleaseJniLibsProjectAndLocalJars UP-TO-DATE
> Task :react-native-reanimated:extractReleaseAnnotations UP-TO-DATE
> Task :react-native-reanimated:mergeReleaseGeneratedProguardFiles UP-TO-DATE
> Task :react-native-reanimated:mergeReleaseConsumerProguardFiles UP-TO-DATE
> Task :react-native-reanimated:syncReleaseLibJars UP-TO-DATE
> Task :react-native-reanimated:bundleReleaseLocalLintAar UP-TO-DATE
> Task :react-native-reanimated:lintVitalAnalyzeRelease UP-TO-DATE
> Task :react-native-reanimated:generateReleaseLintVitalModel UP-TO-DATE
> Task :react-native-reanimated:bundleReleaseAar UP-TO-DATE
> Task :react-native-reanimated:mapReleaseSourceSetPaths UP-TO-DATE
> Task :react-native-reanimated:mergeReleaseResources UP-TO-DATE
> Task :react-native-reanimated:verifyReleaseResources UP-TO-DATE
> Task :react-native-reanimated:assembleRelease UP-TO-DATE

> Task :app:buildCMakeRelWithDebInfo[arm64-v8a]
C/C++: ninja: Entering directory `D:\Apps\Inv\EscanerCodigos\android\app\.cxx\RelWithDebInfo\5315s3d1\arm64-v8a'
C/C++: C:\Users\Saul\AppData\Local\Android\Sdk\ndk\26.3.11579264\toolchains\llvm\prebuilt\windows-x86_64\bin\clang++.exe --target=aarch64-none-linux-android24 --sysroot=C:/Users/Saul/AppData/Local/Android/Sdk/ndk/26.3.11579264/toolchains/llvm/prebuilt/windows-x86_64/sysroot -DRN_SERIALIZABLE_STATE -Dreact_codegen_safeareacontext_EXPORTS -ID:/Apps/Inv/EscanerCodigos/node_modules/react-native-safe-area-context/android/src/main/jni/. -ID:/Apps/Inv/EscanerCodigos/node_modules/react-native-safe-area-context/android/src/main/jni/../../../../common/cpp -ID:/Apps/Inv/EscanerCodigos/node_modules/react-native-safe-area-context/android/src/main/jni/../../../build/generated/source/codegen/jni -ID:/Apps/Inv/EscanerCodigos/node_modules/react-native-safe-area-context/android/src/main/jni/../../../build/generated/source/codegen/jni/react/renderer/components/safeareacontext -isystem C:/Users/Saul/.gradle/caches/8.14.3/transforms/e2ac816cc322e0622c8e36eeb217f096/transformed/fbjni-0.7.0/prefab/modules/fbjni/include -isystem C:/Users/Saul/.gradle/caches/8.14.3/transforms/8dd563c36fdc8ed25724b885e60d3aa7/transformed/react-android-0.81.5-release/prefab/modules/jsi/include -isystem C:/Users/Saul/.gradle/caches/8.14.3/transforms/8dd563c36fdc8ed25724b885e60d3aa7/transformed/react-android-0.81.5-release/prefab/modules/reactnative/include -g -DANDROID -fdata-sections -ffunction-sections -funwind-tables -fstack-protector-strong -no-canonical-prefixes -D_FORTIFY_SOURCE=2 -Wformat -Werror=format-security   -O2 -g -DNDEBUG -fPIC -Wall -Werror -fexceptions -frtti -std=c++20 -DFOLLY_NO_CONFIG=1 -DLOG_TAG=\"ReactNative\" -Wpedantic -Wno-gnu-zero-variadic-macro-arguments -Wno-dollar-in-identifier-extension -DFOLLY_HAVE_CLOCK_GETTIME=1 -DFOLLY_USE_LIBCPP=1 -DFOLLY_CFG_NO_COROUTINES=1 -DFOLLY_MOBILE=1 -DFOLLY_HAVE_RECVMMSG=1 -DFOLLY_HAVE_PTHREAD=1 -DFOLLY_HAVE_XSI_STRERROR_R=1 -MD -MT safeareacontext_autolinked_build/CMakeFiles/react_codegen_safeareacontext.dir/f6ea757ed62ad2593e1aa34b8cf9fc06/components/safeareacontext/RNCSafeAreaViewState.cpp.o -MF safeareacontext_autolinked_build\CMakeFiles\react_codegen_safeareacontext.dir\f6ea757ed62ad2593e1aa34b8cf9fc06\components\safeareacontext\RNCSafeAreaViewState.cpp.o.d -o safeareacontext_autolinked_build/CMakeFiles/react_codegen_safeareacontext.dir/f6ea757ed62ad2593e1aa34b8cf9fc06/components/safeareacontext/RNCSafeAreaViewState.cpp.o -c D:/Apps/Inv/EscanerCodigos/node_modules/react-native-safe-area-context/common/cpp/react/renderer/components/safeareacontext/RNCSafeAreaViewState.cpp
C/C++: In file included from D:/Apps/Inv/EscanerCodigos/node_modules/react-native-safe-area-context/common/cpp/react/renderer/components/safeareacontext/RNCSafeAreaViewState.cpp:1:
C/C++: In file included from D:/Apps/Inv/EscanerCodigos/node_modules/react-native-safe-area-context/common/cpp/react/renderer/components/safeareacontext/RNCSafeAreaViewState.h:3:
C/C++: In file included from D:/Apps/Inv/EscanerCodigos/node_modules/react-native-safe-area-context/android/src/main/jni/../../../build/generated/source/codegen/jni/react/renderer/components/safeareacontext/Props.h:14:
C/C++: In file included from C:/Users/Saul/.gradle/caches/8.14.3/transforms/8dd563c36fdc8ed25724b885e60d3aa7/transformed/react-android-0.81.5-release/prefab/modules/reactnative/include/react/renderer/core/propsConversions.h:15:
C/C++: C:/Users/Saul/.gradle/caches/8.14.3/transforms/8dd563c36fdc8ed25724b885e60d3aa7/transformed/react-android-0.81.5-release/prefab/modules/reactnative/include/react/renderer/core/graphicsConversions.h:80:19: error: no member named 'format' in namespace 'std'
C/C++:       return std::format("{}%", dimension.value);
C/C++:              ~~~~~^
C/C++: 1 error generated.
C/C++: C:\Users\Saul\AppData\Local\Android\Sdk\ndk\26.3.11579264\toolchains\llvm\prebuilt\windows-x86_64\bin\clang++.exe --target=aarch64-none-linux-android24 --sysroot=C:/Users/Saul/AppData/Local/Android/Sdk/ndk/26.3.11579264/toolchains/llvm/prebuilt/windows-x86_64/sysroot -DRN_SERIALIZABLE_STATE -Dreact_codegen_safeareacontext_EXPORTS -ID:/Apps/Inv/EscanerCodigos/node_modules/react-native-safe-area-context/android/src/main/jni/. -ID:/Apps/Inv/EscanerCodigos/node_modules/react-native-safe-area-context/android/src/main/jni/../../../../common/cpp -ID:/Apps/Inv/EscanerCodigos/node_modules/react-native-safe-area-context/android/src/main/jni/../../../build/generated/source/codegen/jni -ID:/Apps/Inv/EscanerCodigos/node_modules/react-native-safe-area-context/android/src/main/jni/../../../build/generated/source/codegen/jni/react/renderer/components/safeareacontext -isystem C:/Users/Saul/.gradle/caches/8.14.3/transforms/e2ac816cc322e0622c8e36eeb217f096/transformed/fbjni-0.7.0/prefab/modules/fbjni/include -isystem C:/Users/Saul/.gradle/caches/8.14.3/transforms/8dd563c36fdc8ed25724b885e60d3aa7/transformed/react-android-0.81.5-release/prefab/modules/jsi/include -isystem C:/Users/Saul/.gradle/caches/8.14.3/transforms/8dd563c36fdc8ed25724b885e60d3aa7/transformed/react-android-0.81.5-release/prefab/modules/reactnative/include -g -DANDROID -fdata-sections -ffunction-sections -funwind-tables -fstack-protector-strong -no-canonical-prefixes -D_FORTIFY_SOURCE=2 -Wformat -Werror=format-security   -O2 -g -DNDEBUG -fPIC -Wall -Werror -fexceptions -frtti -std=c++20 -DFOLLY_NO_CONFIG=1 -DLOG_TAG=\"ReactNative\" -Wpedantic -Wno-gnu-zero-variadic-macro-arguments -Wno-dollar-in-identifier-extension -DFOLLY_HAVE_CLOCK_GETTIME=1 -DFOLLY_USE_LIBCPP=1 -DFOLLY_CFG_NO_COROUTINES=1 -DFOLLY_MOBILE=1 -DFOLLY_HAVE_RECVMMSG=1 -DFOLLY_HAVE_PTHREAD=1 -DFOLLY_HAVE_XSI_STRERROR_R=1 -MD -MT safeareacontext_autolinked_build/CMakeFiles/react_codegen_safeareacontext.dir/a5ff4ce98073d9c4b62511bbf1ab23a2/components/safeareacontext/ComponentDescriptors.cpp.o -MF safeareacontext_autolinked_build\CMakeFiles\react_codegen_safeareacontext.dir\a5ff4ce98073d9c4b62511bbf1ab23a2\components\safeareacontext\ComponentDescriptors.cpp.o.d -o safeareacontext_autolinked_build/CMakeFiles/react_codegen_safeareacontext.dir/a5ff4ce98073d9c4b62511bbf1ab23a2/components/safeareacontext/ComponentDescriptors.cpp.o -c D:/Apps/Inv/EscanerCodigos/node_modules/react-native-safe-area-context/android/build/generated/source/codegen/jni/react/renderer/components/safeareacontext/ComponentDescriptors.cpp
C/C++: In file included from D:/Apps/Inv/EscanerCodigos/node_modules/react-native-safe-area-context/android/build/generated/source/codegen/jni/react/renderer/components/safeareacontext/ComponentDescriptors.cpp:11:
C/C++: In file included from D:/Apps/Inv/EscanerCodigos/node_modules/react-native-safe-area-context/android/src/main/jni/../../../build/generated/source/codegen/jni/react/renderer/components/safeareacontext/ComponentDescriptors.h:13:
C/C++: In file included from D:/Apps/Inv/EscanerCodigos/node_modules/react-native-safe-area-context/android/src/main/jni/../../../build/generated/source/codegen/jni/react/renderer/components/safeareacontext/ShadowNodes.h:14:
C/C++: In file included from D:/Apps/Inv/EscanerCodigos/node_modules/react-native-safe-area-context/android/src/main/jni/../../../build/generated/source/codegen/jni/react/renderer/components/safeareacontext/Props.h:14:
C/C++: In file included from C:/Users/Saul/.gradle/caches/8.14.3/transforms/8dd563c36fdc8ed25724b885e60d3aa7/transformed/react-android-0.81.5-release/prefab/modules/reactnative/include/react/renderer/core/propsConversions.h:15:
C/C++: C:/Users/Saul/.gradle/caches/8.14.3/transforms/8dd563c36fdc8ed25724b885e60d3aa7/transformed/react-android-0.81.5-release/prefab/modules/reactnative/include/react/renderer/core/graphicsConversions.h:80:19: error: no member named 'format' in namespace 'std'
C/C++:       return std::format("{}%", dimension.value);
C/C++:              ~~~~~^
C/C++: 1 error generated.
C/C++: C:\Users\Saul\AppData\Local\Android\Sdk\ndk\26.3.11579264\toolchains\llvm\prebuilt\windows-x86_64\bin\clang++.exe --target=aarch64-none-linux-android24 --sysroot=C:/Users/Saul/AppData/Local/Android/Sdk/ndk/26.3.11579264/toolchains/llvm/prebuilt/windows-x86_64/sysroot -DRN_SERIALIZABLE_STATE -ID:/Apps/Inv/EscanerCodigos/node_modules/react-native-reanimated/android/build/generated/source/codegen/jni/. -ID:/Apps/Inv/EscanerCodigos/node_modules/react-native-reanimated/android/build/generated/source/codegen/jni/react/renderer/components/rnreanimated -isystem C:/Users/Saul/.gradle/caches/8.14.3/transforms/e2ac816cc322e0622c8e36eeb217f096/transformed/fbjni-0.7.0/prefab/modules/fbjni/include -isystem C:/Users/Saul/.gradle/caches/8.14.3/transforms/8dd563c36fdc8ed25724b885e60d3aa7/transformed/react-android-0.81.5-release/prefab/modules/jsi/include -isystem C:/Users/Saul/.gradle/caches/8.14.3/transforms/8dd563c36fdc8ed25724b885e60d3aa7/transformed/react-android-0.81.5-release/prefab/modules/reactnative/include -g -DANDROID -fdata-sections -ffunction-sections -funwind-tables -fstack-protector-strong -no-canonical-prefixes -D_FORTIFY_SOURCE=2 -Wformat -Werror=format-security   -O2 -g -DNDEBUG -fPIC -Wall -Werror -fexceptions -frtti -std=c++20 -DFOLLY_NO_CONFIG=1 -DLOG_TAG=\"ReactNative\" -DFOLLY_HAVE_CLOCK_GETTIME=1 -DFOLLY_USE_LIBCPP=1 -DFOLLY_CFG_NO_COROUTINES=1 -DFOLLY_MOBILE=1 -DFOLLY_HAVE_RECVMMSG=1 -DFOLLY_HAVE_PTHREAD=1 -DFOLLY_HAVE_XSI_STRERROR_R=1 -MD -MT rnreanimated_autolinked_build/CMakeFiles/react_codegen_rnreanimated.dir/react/renderer/components/rnreanimated/Props.cpp.o -MF rnreanimated_autolinked_build\CMakeFiles\react_codegen_rnreanimated.dir\react\renderer\components\rnreanimated\Props.cpp.o.d -o rnreanimated_autolinked_build/CMakeFiles/react_codegen_rnreanimated.dir/react/renderer/components/rnreanimated/Props.cpp.o -c D:/Apps/Inv/EscanerCodigos/node_modules/react-native-reanimated/android/build/generated/source/codegen/jni/react/renderer/components/rnreanimated/Props.cpp
C/C++: In file included from D:/Apps/Inv/EscanerCodigos/node_modules/react-native-reanimated/android/build/generated/source/codegen/jni/react/renderer/components/rnreanimated/Props.cpp:13:
C/C++: In file included from C:/Users/Saul/.gradle/caches/8.14.3/transforms/8dd563c36fdc8ed25724b885e60d3aa7/transformed/react-android-0.81.5-release/prefab/modules/reactnative/include/react/renderer/core/propsConversions.h:15:
C/C++: C:/Users/Saul/.gradle/caches/8.14.3/transforms/8dd563c36fdc8ed25724b885e60d3aa7/transformed/react-android-0.81.5-release/prefab/modules/reactnative/include/react/renderer/core/graphicsConversions.h:80:19: error: no member named 'format' in namespace 'std'
C/C++:       return std::format("{}%", dimension.value);
C/C++:              ~~~~~^
C/C++: 1 error generated.
C/C++: C:\Users\Saul\AppData\Local\Android\Sdk\ndk\26.3.11579264\toolchains\llvm\prebuilt\windows-x86_64\bin\clang++.exe --target=aarch64-none-linux-android24 --sysroot=C:/Users/Saul/AppData/Local/Android/Sdk/ndk/26.3.11579264/toolchains/llvm/prebuilt/windows-x86_64/sysroot -DRN_SERIALIZABLE_STATE -Dreact_codegen_safeareacontext_EXPORTS -ID:/Apps/Inv/EscanerCodigos/node_modules/react-native-safe-area-context/android/src/main/jni/. -ID:/Apps/Inv/EscanerCodigos/node_modules/react-native-safe-area-context/android/src/main/jni/../../../../common/cpp -ID:/Apps/Inv/EscanerCodigos/node_modules/react-native-safe-area-context/android/src/main/jni/../../../build/generated/source/codegen/jni -ID:/Apps/Inv/EscanerCodigos/node_modules/react-native-safe-area-context/android/src/main/jni/../../../build/generated/source/codegen/jni/react/renderer/components/safeareacontext -isystem C:/Users/Saul/.gradle/caches/8.14.3/transforms/e2ac816cc322e0622c8e36eeb217f096/transformed/fbjni-0.7.0/prefab/modules/fbjni/include -isystem C:/Users/Saul/.gradle/caches/8.14.3/transforms/8dd563c36fdc8ed25724b885e60d3aa7/transformed/react-android-0.81.5-release/prefab/modules/jsi/include -isystem C:/Users/Saul/.gradle/caches/8.14.3/transforms/8dd563c36fdc8ed25724b885e60d3aa7/transformed/react-android-0.81.5-release/prefab/modules/reactnative/include -g -DANDROID -fdata-sections -ffunction-sections -funwind-tables -fstack-protector-strong -no-canonical-prefixes -D_FORTIFY_SOURCE=2 -Wformat -Werror=format-security   -O2 -g -DNDEBUG -fPIC -Wall -Werror -fexceptions -frtti -std=c++20 -DFOLLY_NO_CONFIG=1 -DLOG_TAG=\"ReactNative\" -Wpedantic -Wno-gnu-zero-variadic-macro-arguments -Wno-dollar-in-identifier-extension -DFOLLY_HAVE_CLOCK_GETTIME=1 -DFOLLY_USE_LIBCPP=1 -DFOLLY_CFG_NO_COROUTINES=1 -DFOLLY_MOBILE=1 -DFOLLY_HAVE_RECVMMSG=1 -DFOLLY_HAVE_PTHREAD=1 -DFOLLY_HAVE_XSI_STRERROR_R=1 -MD -MT safeareacontext_autolinked_build/CMakeFiles/react_codegen_safeareacontext.dir/f6ea757ed62ad2593e1aa34b8cf9fc06/components/safeareacontext/RNCSafeAreaViewShadowNode.cpp.o -MF safeareacontext_autolinked_build\CMakeFiles\react_codegen_safeareacontext.dir\f6ea757ed62ad2593e1aa34b8cf9fc06\components\safeareacontext\RNCSafeAreaViewShadowNode.cpp.o.d -o safeareacontext_autolinked_build/CMakeFiles/react_codegen_safeareacontext.dir/f6ea757ed62ad2593e1aa34b8cf9fc06/components/safeareacontext/RNCSafeAreaViewShadowNode.cpp.o -c D:/Apps/Inv/EscanerCodigos/node_modules/react-native-safe-area-context/common/cpp/react/renderer/components/safeareacontext/RNCSafeAreaViewShadowNode.cpp
C/C++: In file included from D:/Apps/Inv/EscanerCodigos/node_modules/react-native-safe-area-context/common/cpp/react/renderer/components/safeareacontext/RNCSafeAreaViewShadowNode.cpp:1:
C/C++: In file included from D:/Apps/Inv/EscanerCodigos/node_modules/react-native-safe-area-context/common/cpp/react/renderer/components/safeareacontext/RNCSafeAreaViewShadowNode.h:5:
C/C++: In file included from D:/Apps/Inv/EscanerCodigos/node_modules/react-native-safe-area-context/android/src/main/jni/../../../build/generated/source/codegen/jni/react/renderer/components/safeareacontext/Props.h:14:
C/C++: In file included from C:/Users/Saul/.gradle/caches/8.14.3/transforms/8dd563c36fdc8ed25724b885e60d3aa7/transformed/react-android-0.81.5-release/prefab/modules/reactnative/include/react/renderer/core/propsConversions.h:15:
C/C++: C:/Users/Saul/.gradle/caches/8.14.3/transforms/8dd563c36fdc8ed25724b885e60d3aa7/transformed/react-android-0.81.5-release/prefab/modules/reactnative/include/react/renderer/core/graphicsConversions.h:80:19: error: no member named 'format' in namespace 'std'
C/C++:       return std::format("{}%", dimension.value);
C/C++:              ~~~~~^
C/C++: 1 error generated.
C/C++: C:\Users\Saul\AppData\Local\Android\Sdk\ndk\26.3.11579264\toolchains\llvm\prebuilt\windows-x86_64\bin\clang++.exe --target=aarch64-none-linux-android24 --sysroot=C:/Users/Saul/AppData/Local/Android/Sdk/ndk/26.3.11579264/toolchains/llvm/prebuilt/windows-x86_64/sysroot -DRN_SERIALIZABLE_STATE -ID:/Apps/Inv/EscanerCodigos/node_modules/@react-native-async-storage/async-storage/android/build/generated/source/codegen/jni/. -ID:/Apps/Inv/EscanerCodigos/node_modules/@react-native-async-storage/async-storage/android/build/generated/source/codegen/jni/react/renderer/components/rnasyncstorage -isystem C:/Users/Saul/.gradle/caches/8.14.3/transforms/e2ac816cc322e0622c8e36eeb217f096/transformed/fbjni-0.7.0/prefab/modules/fbjni/include -isystem C:/Users/Saul/.gradle/caches/8.14.3/transforms/8dd563c36fdc8ed25724b885e60d3aa7/transformed/react-android-0.81.5-release/prefab/modules/jsi/include -isystem C:/Users/Saul/.gradle/caches/8.14.3/transforms/8dd563c36fdc8ed25724b885e60d3aa7/transformed/react-android-0.81.5-release/prefab/modules/reactnative/include -g -DANDROID -fdata-sections -ffunction-sections -funwind-tables -fstack-protector-strong -no-canonical-prefixes -D_FORTIFY_SOURCE=2 -Wformat -Werror=format-security   -O2 -g -DNDEBUG -fPIC -Wall -Werror -fexceptions -frtti -std=c++20 -DFOLLY_NO_CONFIG=1 -DLOG_TAG=\"ReactNative\" -DFOLLY_HAVE_CLOCK_GETTIME=1 -DFOLLY_USE_LIBCPP=1 -DFOLLY_CFG_NO_COROUTINES=1 -DFOLLY_MOBILE=1 -DFOLLY_HAVE_RECVMMSG=1 -DFOLLY_HAVE_PTHREAD=1 -DFOLLY_HAVE_XSI_STRERROR_R=1 -MD -MT rnasyncstorage_autolinked_build/CMakeFiles/react_codegen_rnasyncstorage.dir/react/renderer/components/rnasyncstorage/Props.cpp.o -MF rnasyncstorage_autolinked_build\CMakeFiles\react_codegen_rnasyncstorage.dir\react\renderer\components\rnasyncstorage\Props.cpp.o.d -o rnasyncstorage_autolinked_build/CMakeFiles/react_codegen_rnasyncstorage.dir/react/renderer/components/rnasyncstorage/Props.cpp.o -c D:/Apps/Inv/EscanerCodigos/node_modules/@react-native-async-storage/async-storage/android/build/generated/source/codegen/jni/react/renderer/components/rnasyncstorage/Props.cpp
C/C++: In file included from D:/Apps/Inv/EscanerCodigos/node_modules/@react-native-async-storage/async-storage/android/build/generated/source/codegen/jni/react/renderer/components/rnasyncstorage/Props.cpp:13:
C/C++: In file included from C:/Users/Saul/.gradle/caches/8.14.3/transforms/8dd563c36fdc8ed25724b885e60d3aa7/transformed/react-android-0.81.5-release/prefab/modules/reactnative/include/react/renderer/core/propsConversions.h:15:
C/C++: C:/Users/Saul/.gradle/caches/8.14.3/transforms/8dd563c36fdc8ed25724b885e60d3aa7/transformed/react-android-0.81.5-release/prefab/modules/reactnative/include/react/renderer/core/graphicsConversions.h:80:19: error: no member named 'format' in namespace 'std'
C/C++:       return std::format("{}%", dimension.value);
C/C++:              ~~~~~^
C/C++: 1 error generated.
C/C++: C:\Users\Saul\AppData\Local\Android\Sdk\ndk\26.3.11579264\toolchains\llvm\prebuilt\windows-x86_64\bin\clang++.exe --target=aarch64-none-linux-android24 --sysroot=C:/Users/Saul/AppData/Local/Android/Sdk/ndk/26.3.11579264/toolchains/llvm/prebuilt/windows-x86_64/sysroot -DRN_SERIALIZABLE_STATE -ID:/Apps/Inv/EscanerCodigos/node_modules/react-native-gesture-handler/android/build/generated/source/codegen/jni/. -ID:/Apps/Inv/EscanerCodigos/node_modules/react-native-gesture-handler/android/build/generated/source/codegen/jni/react/renderer/components/rngesturehandler_codegen -isystem C:/Users/Saul/.gradle/caches/8.14.3/transforms/e2ac816cc322e0622c8e36eeb217f096/transformed/fbjni-0.7.0/prefab/modules/fbjni/include -isystem C:/Users/Saul/.gradle/caches/8.14.3/transforms/8dd563c36fdc8ed25724b885e60d3aa7/transformed/react-android-0.81.5-release/prefab/modules/jsi/include -isystem C:/Users/Saul/.gradle/caches/8.14.3/transforms/8dd563c36fdc8ed25724b885e60d3aa7/transformed/react-android-0.81.5-release/prefab/modules/reactnative/include -g -DANDROID -fdata-sections -ffunction-sections -funwind-tables -fstack-protector-strong -no-canonical-prefixes -D_FORTIFY_SOURCE=2 -Wformat -Werror=format-security   -O2 -g -DNDEBUG -fPIC -Wall -Werror -fexceptions -frtti -std=c++20 -DFOLLY_NO_CONFIG=1 -DLOG_TAG=\"ReactNative\" -DFOLLY_HAVE_CLOCK_GETTIME=1 -DFOLLY_USE_LIBCPP=1 -DFOLLY_CFG_NO_COROUTINES=1 -DFOLLY_MOBILE=1 -DFOLLY_HAVE_RECVMMSG=1 -DFOLLY_HAVE_PTHREAD=1 -DFOLLY_HAVE_XSI_STRERROR_R=1 -MD -MT rngesturehandler_codegen_autolinked_build/CMakeFiles/react_codegen_rngesturehandler_codegen.dir/react/renderer/components/rngesturehandler_codegen/Props.cpp.o -MF rngesturehandler_codegen_autolinked_build\CMakeFiles\react_codegen_rngesturehandler_codegen.dir\react\renderer\components\rngesturehandler_codegen\Props.cpp.o.d -o rngesturehandler_codegen_autolinked_build/CMakeFiles/react_codegen_rngesturehandler_codegen.dir/react/renderer/components/rngesturehandler_codegen/Props.cpp.o -c D:/Apps/Inv/EscanerCodigos/node_modules/react-native-gesture-handler/android/build/generated/source/codegen/jni/react/renderer/components/rngesturehandler_codegen/Props.cpp
C/C++: In file included from D:/Apps/Inv/EscanerCodigos/node_modules/react-native-gesture-handler/android/build/generated/source/codegen/jni/react/renderer/components/rngesturehandler_codegen/Props.cpp:13:
C/C++: In file included from C:/Users/Saul/.gradle/caches/8.14.3/transforms/8dd563c36fdc8ed25724b885e60d3aa7/transformed/react-android-0.81.5-release/prefab/modules/reactnative/include/react/renderer/core/propsConversions.h:15:
C/C++: C:/Users/Saul/.gradle/caches/8.14.3/transforms/8dd563c36fdc8ed25724b885e60d3aa7/transformed/react-android-0.81.5-release/prefab/modules/reactnative/include/react/renderer/core/graphicsConversions.h:80:19: error: no member named 'format' in namespace 'std'
C/C++:       return std::format("{}%", dimension.value);
C/C++:              ~~~~~^
C/C++: 1 error generated.

> Task :react-native-gesture-handler:buildCMakeRelWithDebInfo[arm64-v8a]
> Task :react-native-gesture-handler:buildCMakeRelWithDebInfo[armeabi-v7a]

> Task :app:buildCMakeRelWithDebInfo[arm64-v8a]
C/C++: C:\Users\Saul\AppData\Local\Android\Sdk\ndk\26.3.11579264\toolchains\llvm\prebuilt\windows-x86_64\bin\clang++.exe --target=aarch64-none-linux-android24 --sysroot=C:/Users/Saul/AppData/Local/Android/Sdk/ndk/26.3.11579264/toolchains/llvm/prebuilt/windows-x86_64/sysroot -DRN_SERIALIZABLE_STATE -Dappmodules_EXPORTS -ID:/Apps/Inv/EscanerCodigos/node_modules/react-native/ReactAndroid/cmake-utils/default-app-setup -ID:/Apps/Inv/EscanerCodigos/android/app/build/generated/autolinking/src/main/jni -ID:/Apps/Inv/EscanerCodigos/node_modules/react-native-safe-area-context/android/src/main/jni -ID:/Apps/Inv/EscanerCodigos/node_modules/react-native-screens/android/src/main/jni -ID:/Apps/Inv/EscanerCodigos/node_modules/@react-native-async-storage/async-storage/android/build/generated/source/codegen/jni/. -ID:/Apps/Inv/EscanerCodigos/node_modules/@react-native-async-storage/async-storage/android/build/generated/source/codegen/jni/react/renderer/components/rnasyncstorage -ID:/Apps/Inv/EscanerCodigos/node_modules/react-native-gesture-handler/android/build/generated/source/codegen/jni/. -ID:/Apps/Inv/EscanerCodigos/node_modules/react-native-gesture-handler/android/build/generated/source/codegen/jni/react/renderer/components/rngesturehandler_codegen -ID:/Apps/Inv/EscanerCodigos/node_modules/react-native-reanimated/android/build/generated/source/codegen/jni/. -ID:/Apps/Inv/EscanerCodigos/node_modules/react-native-reanimated/android/build/generated/source/codegen/jni/react/renderer/components/rnreanimated -ID:/Apps/Inv/EscanerCodigos/node_modules/react-native-safe-area-context/android/src/main/jni/. -ID:/Apps/Inv/EscanerCodigos/node_modules/react-native-safe-area-context/android/src/main/jni/../../../../common/cpp -ID:/Apps/Inv/EscanerCodigos/node_modules/react-native-safe-area-context/android/src/main/jni/../../../build/generated/source/codegen/jni -ID:/Apps/Inv/EscanerCodigos/node_modules/react-native-safe-area-context/android/src/main/jni/../../../build/generated/source/codegen/jni/react/renderer/components/safeareacontext -ID:/Apps/Inv/EscanerCodigos/node_modules/react-native-screens/android/src/main/jni/. -ID:/Apps/Inv/EscanerCodigos/node_modules/react-native-screens/android/src/main/jni/../../../../common/cpp -ID:/Apps/Inv/EscanerCodigos/node_modules/react-native-screens/android/src/main/jni/../../../build/generated/source/codegen/jni -ID:/Apps/Inv/EscanerCodigos/node_modules/react-native-screens/android/src/main/jni/../../../build/generated/source/codegen/jni/react/renderer/components/rnscreens -ID:/Apps/Inv/EscanerCodigos/node_modules/react-native-worklets/android/build/generated/source/codegen/jni/. -ID:/Apps/Inv/EscanerCodigos/node_modules/react-native-worklets/android/build/generated/source/codegen/jni/react/renderer/components/rnworklets -isystem C:/Users/Saul/.gradle/caches/8.14.3/transforms/e2ac816cc322e0622c8e36eeb217f096/transformed/fbjni-0.7.0/prefab/modules/fbjni/include -isystem C:/Users/Saul/.gradle/caches/8.14.3/transforms/8dd563c36fdc8ed25724b885e60d3aa7/transformed/react-android-0.81.5-release/prefab/modules/jsi/include -isystem C:/Users/Saul/.gradle/caches/8.14.3/transforms/8dd563c36fdc8ed25724b885e60d3aa7/transformed/react-android-0.81.5-release/prefab/modules/reactnative/include -g -DANDROID -fdata-sections -ffunction-sections -funwind-tables -fstack-protector-strong -no-canonical-prefixes -D_FORTIFY_SOURCE=2 -Wformat -Werror=format-security   -O2 -g -DNDEBUG -fPIC -Wall -Werror -fexceptions -frtti -std=c++20 -DFOLLY_NO_CONFIG=1 -DLOG_TAG=\"ReactNative\" -DFOLLY_HAVE_CLOCK_GETTIME=1 -DFOLLY_USE_LIBCPP=1 -DFOLLY_CFG_NO_COROUTINES=1 -DFOLLY_MOBILE=1 -DFOLLY_HAVE_RECVMMSG=1 -DFOLLY_HAVE_PTHREAD=1 -DFOLLY_HAVE_XSI_STRERROR_R=1 -MD -MT CMakeFiles/appmodules.dir/D_/Apps/Inv/EscanerCodigos/android/app/build/generated/autolinking/src/main/jni/autolinking.cpp.o -MF CMakeFiles\appmodules.dir\D_\Apps\Inv\EscanerCodigos\android\app\build\generated\autolinking\src\main\jni\autolinking.cpp.o.d -o CMakeFiles/appmodules.dir/D_/Apps/Inv/EscanerCodigos/android/app/build/generated/autolinking/src/main/jni/autolinking.cpp.o -c D:/Apps/Inv/EscanerCodigos/android/app/build/generated/autolinking/src/main/jni/autolinking.cpp
C/C++: In file included from D:/Apps/Inv/EscanerCodigos/android/app/build/generated/autolinking/src/main/jni/autolinking.cpp:14:
C/C++: In file included from D:/Apps/Inv/EscanerCodigos/node_modules/react-native-safe-area-context/android/src/main/jni/safeareacontext.h:6:
C/C++: In file included from D:/Apps/Inv/EscanerCodigos/node_modules/react-native-safe-area-context/android/src/main/jni/../../../../common/cpp/react/renderer/components/safeareacontext/RNCSafeAreaViewComponentDescriptor.h:3:
C/C++: In file included from D:/Apps/Inv/EscanerCodigos/node_modules/react-native-safe-area-context/android/src/main/jni/../../../../common/cpp/react/renderer/components/safeareacontext/RNCSafeAreaViewShadowNode.h:5:
C/C++: In file included from D:/Apps/Inv/EscanerCodigos/node_modules/react-native-safe-area-context/android/src/main/jni/../../../build/generated/source/codegen/jni/react/renderer/components/safeareacontext/Props.h:14:
C/C++: In file included from C:/Users/Saul/.gradle/caches/8.14.3/transforms/8dd563c36fdc8ed25724b885e60d3aa7/transformed/react-android-0.81.5-release/prefab/modules/reactnative/include/react/renderer/core/propsConversions.h:15:
C/C++: C:/Users/Saul/.gradle/caches/8.14.3/transforms/8dd563c36fdc8ed25724b885e60d3aa7/transformed/react-android-0.81.5-release/prefab/modules/reactnative/include/react/renderer/core/graphicsConversions.h:80:19: error: no member named 'format' in namespace 'std'
C/C++:       return std::format("{}%", dimension.value);
C/C++:              ~~~~~^
C/C++: 1 error generated.

> Task :app:buildCMakeRelWithDebInfo[arm64-v8a] FAILED
> Task :react-native-gesture-handler:buildCMakeRelWithDebInfo[x86]

[Incubating] Problems report is available at: file:///D:/Apps/Inv/EscanerCodigos/android/build/reports/problems/problems-report.html

FAILURE: Build failed with an exception.

* What went wrong:
Execution failed for task ':app:buildCMakeRelWithDebInfo[arm64-v8a]'.
> com.android.ide.common.process.ProcessException: ninja: Entering directory `D:\Apps\Inv\EscanerCodigos\android\app\.cxx\RelWithDebInfo\5315s3d1\arm64-v8a'
  [0/2] Re-checking globbed directories...
  [1/60] Building CXX object rngesturehandler_codegen_autolinked_build/CMakeFiles/react_codegen_rngesturehandler_codegen.dir/react/renderer/components/rngesturehandler_codegen/States.cpp.o
  [2/60] Building CXX object rnreanimated_autolinked_build/CMakeFiles/react_codegen_rnreanimated.dir/react/renderer/components/rnreanimated/States.cpp.o
  [3/60] Building CXX object rnasyncstorage_autolinked_build/CMakeFiles/react_codegen_rnasyncstorage.dir/react/renderer/components/rnasyncstorage/EventEmitters.cpp.o
  [4/60] Building CXX object rnasyncstorage_autolinked_build/CMakeFiles/react_codegen_rnasyncstorage.dir/react/renderer/components/rnasyncstorage/States.cpp.o
  [5/60] Building CXX object safeareacontext_autolinked_build/CMakeFiles/react_codegen_safeareacontext.dir/118d3605881080e36eda950c8ca8905a/renderer/components/safeareacontext/EventEmitters.cpp.o
  [6/60] Building CXX object rnreanimated_autolinked_build/CMakeFiles/react_codegen_rnreanimated.dir/react/renderer/components/rnreanimated/EventEmitters.cpp.o
  [7/60] Building CXX object safeareacontext_autolinked_build/CMakeFiles/react_codegen_safeareacontext.dir/f6ea757ed62ad2593e1aa34b8cf9fc06/components/safeareacontext/RNCSafeAreaViewState.cpp.o
  FAILED: safeareacontext_autolinked_build/CMakeFiles/react_codegen_safeareacontext.dir/f6ea757ed62ad2593e1aa34b8cf9fc06/components/safeareacontext/RNCSafeAreaViewState.cpp.o 
  C:\Users\Saul\AppData\Local\Android\Sdk\ndk\26.3.11579264\toolchains\llvm\prebuilt\windows-x86_64\bin\clang++.exe --target=aarch64-none-linux-android24 --sysroot=C:/Users/Saul/AppData/Local/Android/Sdk/ndk/26.3.11579264/toolchains/llvm/prebuilt/windows-x86_64/sysroot -DRN_SERIALIZABLE_STATE -Dreact_codegen_safeareacontext_EXPORTS -ID:/Apps/Inv/EscanerCodigos/node_modules/react-native-safe-area-context/android/src/main/jni/. -ID:/Apps/Inv/EscanerCodigos/node_modules/react-native-safe-area-context/android/src/main/jni/../../../../common/cpp -ID:/Apps/Inv/EscanerCodigos/node_modules/react-native-safe-area-context/android/src/main/jni/../../../build/generated/source/codegen/jni -ID:/Apps/Inv/EscanerCodigos/node_modules/react-native-safe-area-context/android/src/main/jni/../../../build/generated/source/codegen/jni/react/renderer/components/safeareacontext -isystem C:/Users/Saul/.gradle/caches/8.14.3/transforms/e2ac816cc322e0622c8e36eeb217f096/transformed/fbjni-0.7.0/prefab/modules/fbjni/include -isystem C:/Users/Saul/.gradle/caches/8.14.3/transforms/8dd563c36fdc8ed25724b885e60d3aa7/transformed/react-android-0.81.5-release/prefab/modules/jsi/include -isystem C:/Users/Saul/.gradle/caches/8.14.3/transforms/8dd563c36fdc8ed25724b885e60d3aa7/transformed/react-android-0.81.5-release/prefab/modules/reactnative/include -g -DANDROID -fdata-sections -ffunction-sections -funwind-tables -fstack-protector-strong -no-canonical-prefixes -D_FORTIFY_SOURCE=2 -Wformat -Werror=format-security   -O2 -g -DNDEBUG -fPIC -Wall -Werror -fexceptions -frtti -std=c++20 -DFOLLY_NO_CONFIG=1 -DLOG_TAG=\"ReactNative\" -Wpedantic -Wno-gnu-zero-variadic-macro-arguments -Wno-dollar-in-identifier-extension -DFOLLY_HAVE_CLOCK_GETTIME=1 -DFOLLY_USE_LIBCPP=1 -DFOLLY_CFG_NO_COROUTINES=1 -DFOLLY_MOBILE=1 -DFOLLY_HAVE_RECVMMSG=1 -DFOLLY_HAVE_PTHREAD=1 -DFOLLY_HAVE_XSI_STRERROR_R=1 -MD -MT safeareacontext_autolinked_build/CMakeFiles/react_codegen_safeareacontext.dir/f6ea757ed62ad2593e1aa34b8cf9fc06/components/safeareacontext/RNCSafeAreaViewState.cpp.o -MF safeareacontext_autolinked_build\CMakeFiles\react_codegen_safeareacontext.dir\f6ea757ed62ad2593e1aa34b8cf9fc06\components\safeareacontext\RNCSafeAreaViewState.cpp.o.d -o safeareacontext_autolinked_build/CMakeFiles/react_codegen_safeareacontext.dir/f6ea757ed62ad2593e1aa34b8cf9fc06/components/safeareacontext/RNCSafeAreaViewState.cpp.o -c D:/Apps/Inv/EscanerCodigos/node_modules/react-native-safe-area-context/common/cpp/react/renderer/components/safeareacontext/RNCSafeAreaViewState.cpp
  In file included from D:/Apps/Inv/EscanerCodigos/node_modules/react-native-safe-area-context/common/cpp/react/renderer/components/safeareacontext/RNCSafeAreaViewState.cpp:1:
  In file included from D:/Apps/Inv/EscanerCodigos/node_modules/react-native-safe-area-context/common/cpp/react/renderer/components/safeareacontext/RNCSafeAreaViewState.h:3:
  In file included from D:/Apps/Inv/EscanerCodigos/node_modules/react-native-safe-area-context/android/src/main/jni/../../../build/generated/source/codegen/jni/react/renderer/components/safeareacontext/Props.h:14:
  In file included from C:/Users/Saul/.gradle/caches/8.14.3/transforms/8dd563c36fdc8ed25724b885e60d3aa7/transformed/react-android-0.81.5-release/prefab/modules/reactnative/include/react/renderer/core/propsConversions.h:15:
  C:/Users/Saul/.gradle/caches/8.14.3/transforms/8dd563c36fdc8ed25724b885e60d3aa7/transformed/react-android-0.81.5-release/prefab/modules/reactnative/include/react/renderer/core/graphicsConversions.h:80:19: error: no member named 'format' in namespace 'std'
        return std::format("{}%", dimension.value);
               ~~~~~^
  1 error generated.
  [8/60] Building CXX object rngesturehandler_codegen_autolinked_build/CMakeFiles/react_codegen_rngesturehandler_codegen.dir/react/renderer/components/rngesturehandler_codegen/EventEmitters.cpp.o
  [9/60] Building CXX object safeareacontext_autolinked_build/CMakeFiles/react_codegen_safeareacontext.dir/a5ff4ce98073d9c4b62511bbf1ab23a2/components/safeareacontext/ComponentDescriptors.cpp.o
  FAILED: safeareacontext_autolinked_build/CMakeFiles/react_codegen_safeareacontext.dir/a5ff4ce98073d9c4b62511bbf1ab23a2/components/safeareacontext/ComponentDescriptors.cpp.o 
  C:\Users\Saul\AppData\Local\Android\Sdk\ndk\26.3.11579264\toolchains\llvm\prebuilt\windows-x86_64\bin\clang++.exe --target=aarch64-none-linux-android24 --sysroot=C:/Users/Saul/AppData/Local/Android/Sdk/ndk/26.3.11579264/toolchains/llvm/prebuilt/windows-x86_64/sysroot -DRN_SERIALIZABLE_STATE -Dreact_codegen_safeareacontext_EXPORTS -ID:/Apps/Inv/EscanerCodigos/node_modules/react-native-safe-area-context/android/src/main/jni/. -ID:/Apps/Inv/EscanerCodigos/node_modules/react-native-safe-area-context/android/src/main/jni/../../../../common/cpp -ID:/Apps/Inv/EscanerCodigos/node_modules/react-native-safe-area-context/android/src/main/jni/../../../build/generated/source/codegen/jni -ID:/Apps/Inv/EscanerCodigos/node_modules/react-native-safe-area-context/android/src/main/jni/../../../build/generated/source/codegen/jni/react/renderer/components/safeareacontext -isystem C:/Users/Saul/.gradle/caches/8.14.3/transforms/e2ac816cc322e0622c8e36eeb217f096/transformed/fbjni-0.7.0/prefab/modules/fbjni/include -isystem C:/Users/Saul/.gradle/caches/8.14.3/transforms/8dd563c36fdc8ed25724b885e60d3aa7/transformed/react-android-0.81.5-release/prefab/modules/jsi/include -isystem C:/Users/Saul/.gradle/caches/8.14.3/transforms/8dd563c36fdc8ed25724b885e60d3aa7/transformed/react-android-0.81.5-release/prefab/modules/reactnative/include -g -DANDROID -fdata-sections -ffunction-sections -funwind-tables -fstack-protector-strong -no-canonical-prefixes -D_FORTIFY_SOURCE=2 -Wformat -Werror=format-security   -O2 -g -DNDEBUG -fPIC -Wall -Werror -fexceptions -frtti -std=c++20 -DFOLLY_NO_CONFIG=1 -DLOG_TAG=\"ReactNative\" -Wpedantic -Wno-gnu-zero-variadic-macro-arguments -Wno-dollar-in-identifier-extension -DFOLLY_HAVE_CLOCK_GETTIME=1 -DFOLLY_USE_LIBCPP=1 -DFOLLY_CFG_NO_COROUTINES=1 -DFOLLY_MOBILE=1 -DFOLLY_HAVE_RECVMMSG=1 -DFOLLY_HAVE_PTHREAD=1 -DFOLLY_HAVE_XSI_STRERROR_R=1 -MD -MT safeareacontext_autolinked_build/CMakeFiles/react_codegen_safeareacontext.dir/a5ff4ce98073d9c4b62511bbf1ab23a2/components/safeareacontext/ComponentDescriptors.cpp.o -MF safeareacontext_autolinked_build\CMakeFiles\react_codegen_safeareacontext.dir\a5ff4ce98073d9c4b62511bbf1ab23a2\components\safeareacontext\ComponentDescriptors.cpp.o.d -o safeareacontext_autolinked_build/CMakeFiles/react_codegen_safeareacontext.dir/a5ff4ce98073d9c4b62511bbf1ab23a2/components/safeareacontext/ComponentDescriptors.cpp.o -c D:/Apps/Inv/EscanerCodigos/node_modules/react-native-safe-area-context/android/build/generated/source/codegen/jni/react/renderer/components/safeareacontext/ComponentDescriptors.cpp
  In file included from D:/Apps/Inv/EscanerCodigos/node_modules/react-native-safe-area-context/android/build/generated/source/codegen/jni/react/renderer/components/safeareacontext/ComponentDescriptors.cpp:11:
  In file included from D:/Apps/Inv/EscanerCodigos/node_modules/react-native-safe-area-context/android/src/main/jni/../../../build/generated/source/codegen/jni/react/renderer/components/safeareacontext/ComponentDescriptors.h:13:
  In file included from D:/Apps/Inv/EscanerCodigos/node_modules/react-native-safe-area-context/android/src/main/jni/../../../build/generated/source/codegen/jni/react/renderer/components/safeareacontext/ShadowNodes.h:14:
  In file included from D:/Apps/Inv/EscanerCodigos/node_modules/react-native-safe-area-context/android/src/main/jni/../../../build/generated/source/codegen/jni/react/renderer/components/safeareacontext/Props.h:14:
  In file included from C:/Users/Saul/.gradle/caches/8.14.3/transforms/8dd563c36fdc8ed25724b885e60d3aa7/transformed/react-android-0.81.5-release/prefab/modules/reactnative/include/react/renderer/core/propsConversions.h:15:
  C:/Users/Saul/.gradle/caches/8.14.3/transforms/8dd563c36fdc8ed25724b885e60d3aa7/transformed/react-android-0.81.5-release/prefab/modules/reactnative/include/react/renderer/core/graphicsConversions.h:80:19: error: no member named 'format' in namespace 'std'
        return std::format("{}%", dimension.value);
               ~~~~~^
  1 error generated.
  [10/60] Building CXX object rnreanimated_autolinked_build/CMakeFiles/react_codegen_rnreanimated.dir/react/renderer/components/rnreanimated/Props.cpp.o
  FAILED: rnreanimated_autolinked_build/CMakeFiles/react_codegen_rnreanimated.dir/react/renderer/components/rnreanimated/Props.cpp.o 
  C:\Users\Saul\AppData\Local\Android\Sdk\ndk\26.3.11579264\toolchains\llvm\prebuilt\windows-x86_64\bin\clang++.exe --target=aarch64-none-linux-android24 --sysroot=C:/Users/Saul/AppData/Local/Android/Sdk/ndk/26.3.11579264/toolchains/llvm/prebuilt/windows-x86_64/sysroot -DRN_SERIALIZABLE_STATE -ID:/Apps/Inv/EscanerCodigos/node_modules/react-native-reanimated/android/build/generated/source/codegen/jni/. -ID:/Apps/Inv/EscanerCodigos/node_modules/react-native-reanimated/android/build/generated/source/codegen/jni/react/renderer/components/rnreanimated -isystem C:/Users/Saul/.gradle/caches/8.14.3/transforms/e2ac816cc322e0622c8e36eeb217f096/transformed/fbjni-0.7.0/prefab/modules/fbjni/include -isystem C:/Users/Saul/.gradle/caches/8.14.3/transforms/8dd563c36fdc8ed25724b885e60d3aa7/transformed/react-android-0.81.5-release/prefab/modules/jsi/include -isystem C:/Users/Saul/.gradle/caches/8.14.3/transforms/8dd563c36fdc8ed25724b885e60d3aa7/transformed/react-android-0.81.5-release/prefab/modules/reactnative/include -g -DANDROID -fdata-sections -ffunction-sections -funwind-tables -fstack-protector-strong -no-canonical-prefixes -D_FORTIFY_SOURCE=2 -Wformat -Werror=format-security   -O2 -g -DNDEBUG -fPIC -Wall -Werror -fexceptions -frtti -std=c++20 -DFOLLY_NO_CONFIG=1 -DLOG_TAG=\"ReactNative\" -DFOLLY_HAVE_CLOCK_GETTIME=1 -DFOLLY_USE_LIBCPP=1 -DFOLLY_CFG_NO_COROUTINES=1 -DFOLLY_MOBILE=1 -DFOLLY_HAVE_RECVMMSG=1 -DFOLLY_HAVE_PTHREAD=1 -DFOLLY_HAVE_XSI_STRERROR_R=1 -MD -MT rnreanimated_autolinked_build/CMakeFiles/react_codegen_rnreanimated.dir/react/renderer/components/rnreanimated/Props.cpp.o -MF rnreanimated_autolinked_build\CMakeFiles\react_codegen_rnreanimated.dir\react\renderer\components\rnreanimated\Props.cpp.o.d -o rnreanimated_autolinked_build/CMakeFiles/react_codegen_rnreanimated.dir/react/renderer/components/rnreanimated/Props.cpp.o -c D:/Apps/Inv/EscanerCodigos/node_modules/react-native-reanimated/android/build/generated/source/codegen/jni/react/renderer/components/rnreanimated/Props.cpp
  In file included from D:/Apps/Inv/EscanerCodigos/node_modules/react-native-reanimated/android/build/generated/source/codegen/jni/react/renderer/components/rnreanimated/Props.cpp:13:
  In file included from C:/Users/Saul/.gradle/caches/8.14.3/transforms/8dd563c36fdc8ed25724b885e60d3aa7/transformed/react-android-0.81.5-release/prefab/modules/reactnative/include/react/renderer/core/propsConversions.h:15:
  C:/Users/Saul/.gradle/caches/8.14.3/transforms/8dd563c36fdc8ed25724b885e60d3aa7/transformed/react-android-0.81.5-release/prefab/modules/reactnative/include/react/renderer/core/graphicsConversions.h:80:19: error: no member named 'format' in namespace 'std'
        return std::format("{}%", dimension.value);
               ~~~~~^
  1 error generated.
  [11/60] Building CXX object safeareacontext_autolinked_build/CMakeFiles/react_codegen_safeareacontext.dir/f6ea757ed62ad2593e1aa34b8cf9fc06/components/safeareacontext/RNCSafeAreaViewShadowNode.cpp.o
  FAILED: safeareacontext_autolinked_build/CMakeFiles/react_codegen_safeareacontext.dir/f6ea757ed62ad2593e1aa34b8cf9fc06/components/safeareacontext/RNCSafeAreaViewShadowNode.cpp.o 
  C:\Users\Saul\AppData\Local\Android\Sdk\ndk\26.3.11579264\toolchains\llvm\prebuilt\windows-x86_64\bin\clang++.exe --target=aarch64-none-linux-android24 --sysroot=C:/Users/Saul/AppData/Local/Android/Sdk/ndk/26.3.11579264/toolchains/llvm/prebuilt/windows-x86_64/sysroot -DRN_SERIALIZABLE_STATE -Dreact_codegen_safeareacontext_EXPORTS -ID:/Apps/Inv/EscanerCodigos/node_modules/react-native-safe-area-context/android/src/main/jni/. -ID:/Apps/Inv/EscanerCodigos/node_modules/react-native-safe-area-context/android/src/main/jni/../../../../common/cpp -ID:/Apps/Inv/EscanerCodigos/node_modules/react-native-safe-area-context/android/src/main/jni/../../../build/generated/source/codegen/jni -ID:/Apps/Inv/EscanerCodigos/node_modules/react-native-safe-area-context/android/src/main/jni/../../../build/generated/source/codegen/jni/react/renderer/components/safeareacontext -isystem C:/Users/Saul/.gradle/caches/8.14.3/transforms/e2ac816cc322e0622c8e36eeb217f096/transformed/fbjni-0.7.0/prefab/modules/fbjni/include -isystem C:/Users/Saul/.gradle/caches/8.14.3/transforms/8dd563c36fdc8ed25724b885e60d3aa7/transformed/react-android-0.81.5-release/prefab/modules/jsi/include -isystem C:/Users/Saul/.gradle/caches/8.14.3/transforms/8dd563c36fdc8ed25724b885e60d3aa7/transformed/react-android-0.81.5-release/prefab/modules/reactnative/include -g -DANDROID -fdata-sections -ffunction-sections -funwind-tables -fstack-protector-strong -no-canonical-prefixes -D_FORTIFY_SOURCE=2 -Wformat -Werror=format-security   -O2 -g -DNDEBUG -fPIC -Wall -Werror -fexceptions -frtti -std=c++20 -DFOLLY_NO_CONFIG=1 -DLOG_TAG=\"ReactNative\" -Wpedantic -Wno-gnu-zero-variadic-macro-arguments -Wno-dollar-in-identifier-extension -DFOLLY_HAVE_CLOCK_GETTIME=1 -DFOLLY_USE_LIBCPP=1 -DFOLLY_CFG_NO_COROUTINES=1 -DFOLLY_MOBILE=1 -DFOLLY_HAVE_RECVMMSG=1 -DFOLLY_HAVE_PTHREAD=1 -DFOLLY_HAVE_XSI_STRERROR_R=1 -MD -MT safeareacontext_autolinked_build/CMakeFiles/react_codegen_safeareacontext.dir/f6ea757ed62ad2593e1aa34b8cf9fc06/components/safeareacontext/RNCSafeAreaViewShadowNode.cpp.o -MF safeareacontext_autolinked_build\CMakeFiles\react_codegen_safeareacontext.dir\f6ea757ed62ad2593e1aa34b8cf9fc06\components\safeareacontext\RNCSafeAreaViewShadowNode.cpp.o.d -o safeareacontext_autolinked_build/CMakeFiles/react_codegen_safeareacontext.dir/f6ea757ed62ad2593e1aa34b8cf9fc06/components/safeareacontext/RNCSafeAreaViewShadowNode.cpp.o -c D:/Apps/Inv/EscanerCodigos/node_modules/react-native-safe-area-context/common/cpp/react/renderer/components/safeareacontext/RNCSafeAreaViewShadowNode.cpp
  In file included from D:/Apps/Inv/EscanerCodigos/node_modules/react-native-safe-area-context/common/cpp/react/renderer/components/safeareacontext/RNCSafeAreaViewShadowNode.cpp:1:
  In file included from D:/Apps/Inv/EscanerCodigos/node_modules/react-native-safe-area-context/common/cpp/react/renderer/components/safeareacontext/RNCSafeAreaViewShadowNode.h:5:
  In file included from D:/Apps/Inv/EscanerCodigos/node_modules/react-native-safe-area-context/android/src/main/jni/../../../build/generated/source/codegen/jni/react/renderer/components/safeareacontext/Props.h:14:
  In file included from C:/Users/Saul/.gradle/caches/8.14.3/transforms/8dd563c36fdc8ed25724b885e60d3aa7/transformed/react-android-0.81.5-release/prefab/modules/reactnative/include/react/renderer/core/propsConversions.h:15:
  C:/Users/Saul/.gradle/caches/8.14.3/transforms/8dd563c36fdc8ed25724b885e60d3aa7/transformed/react-android-0.81.5-release/prefab/modules/reactnative/include/react/renderer/core/graphicsConversions.h:80:19: error: no member named 'format' in namespace 'std'
        return std::format("{}%", dimension.value);
               ~~~~~^
  1 error generated.
  [12/60] Building CXX object rnasyncstorage_autolinked_build/CMakeFiles/react_codegen_rnasyncstorage.dir/react/renderer/components/rnasyncstorage/Props.cpp.o
  FAILED: rnasyncstorage_autolinked_build/CMakeFiles/react_codegen_rnasyncstorage.dir/react/renderer/components/rnasyncstorage/Props.cpp.o 
  C:\Users\Saul\AppData\Local\Android\Sdk\ndk\26.3.11579264\toolchains\llvm\prebuilt\windows-x86_64\bin\clang++.exe --target=aarch64-none-linux-android24 --sysroot=C:/Users/Saul/AppData/Local/Android/Sdk/ndk/26.3.11579264/toolchains/llvm/prebuilt/windows-x86_64/sysroot -DRN_SERIALIZABLE_STATE -ID:/Apps/Inv/EscanerCodigos/node_modules/@react-native-async-storage/async-storage/android/build/generated/source/codegen/jni/. -ID:/Apps/Inv/EscanerCodigos/node_modules/@react-native-async-storage/async-storage/android/build/generated/source/codegen/jni/react/renderer/components/rnasyncstorage -isystem C:/Users/Saul/.gradle/caches/8.14.3/transforms/e2ac816cc322e0622c8e36eeb217f096/transformed/fbjni-0.7.0/prefab/modules/fbjni/include -isystem C:/Users/Saul/.gradle/caches/8.14.3/transforms/8dd563c36fdc8ed25724b885e60d3aa7/transformed/react-android-0.81.5-release/prefab/modules/jsi/include -isystem C:/Users/Saul/.gradle/caches/8.14.3/transforms/8dd563c36fdc8ed25724b885e60d3aa7/transformed/react-android-0.81.5-release/prefab/modules/reactnative/include -g -DANDROID -fdata-sections -ffunction-sections -funwind-tables -fstack-protector-strong -no-canonical-prefixes -D_FORTIFY_SOURCE=2 -Wformat -Werror=format-security   -O2 -g -DNDEBUG -fPIC -Wall -Werror -fexceptions -frtti -std=c++20 -DFOLLY_NO_CONFIG=1 -DLOG_TAG=\"ReactNative\" -DFOLLY_HAVE_CLOCK_GETTIME=1 -DFOLLY_USE_LIBCPP=1 -DFOLLY_CFG_NO_COROUTINES=1 -DFOLLY_MOBILE=1 -DFOLLY_HAVE_RECVMMSG=1 -DFOLLY_HAVE_PTHREAD=1 -DFOLLY_HAVE_XSI_STRERROR_R=1 -MD -MT rnasyncstorage_autolinked_build/CMakeFiles/react_codegen_rnasyncstorage.dir/react/renderer/components/rnasyncstorage/Props.cpp.o -MF rnasyncstorage_autolinked_build\CMakeFiles\react_codegen_rnasyncstorage.dir\react\renderer\components\rnasyncstorage\Props.cpp.o.d -o rnasyncstorage_autolinked_build/CMakeFiles/react_codegen_rnasyncstorage.dir/react/renderer/components/rnasyncstorage/Props.cpp.o -c D:/Apps/Inv/EscanerCodigos/node_modules/@react-native-async-storage/async-storage/android/build/generated/source/codegen/jni/react/renderer/components/rnasyncstorage/Props.cpp
  In file included from D:/Apps/Inv/EscanerCodigos/node_modules/@react-native-async-storage/async-storage/android/build/generated/source/codegen/jni/react/renderer/components/rnasyncstorage/Props.cpp:13:
  In file included from C:/Users/Saul/.gradle/caches/8.14.3/transforms/8dd563c36fdc8ed25724b885e60d3aa7/transformed/react-android-0.81.5-release/prefab/modules/reactnative/include/react/renderer/core/propsConversions.h:15:
  C:/Users/Saul/.gradle/caches/8.14.3/transforms/8dd563c36fdc8ed25724b885e60d3aa7/transformed/react-android-0.81.5-release/prefab/modules/reactnative/include/react/renderer/core/graphicsConversions.h:80:19: error: no member named 'format' in namespace 'std'
        return std::format("{}%", dimension.value);
               ~~~~~^
  1 error generated.
  [13/60] Building CXX object rnreanimated_autolinked_build/CMakeFiles/react_codegen_rnreanimated.dir/rnreanimated-generated.cpp.o
  [14/60] Building CXX object rnreanimated_autolinked_build/CMakeFiles/react_codegen_rnreanimated.dir/react/renderer/components/rnreanimated/rnreanimatedJSI-generated.cpp.o
  [15/60] Building CXX object rnasyncstorage_autolinked_build/CMakeFiles/react_codegen_rnasyncstorage.dir/react/renderer/components/rnasyncstorage/ComponentDescriptors.cpp.o
  [16/60] Building CXX object rngesturehandler_codegen_autolinked_build/CMakeFiles/react_codegen_rngesturehandler_codegen.dir/react/renderer/components/rngesturehandler_codegen/rngesturehandler_codegenJSI-generated.cpp.o
  [17/60] Building CXX object rnasyncstorage_autolinked_build/CMakeFiles/react_codegen_rnasyncstorage.dir/react/renderer/components/rnasyncstorage/ShadowNodes.cpp.o
  [18/60] Building CXX object rnasyncstorage_autolinked_build/CMakeFiles/react_codegen_rnasyncstorage.dir/react/renderer/components/rnasyncstorage/rnasyncstorageJSI-generated.cpp.o
  [19/60] Building CXX object rnreanimated_autolinked_build/CMakeFiles/react_codegen_rnreanimated.dir/react/renderer/components/rnreanimated/ShadowNodes.cpp.o
  [20/60] Building CXX object rngesturehandler_codegen_autolinked_build/CMakeFiles/react_codegen_rngesturehandler_codegen.dir/react/renderer/components/rngesturehandler_codegen/Props.cpp.o
  FAILED: rngesturehandler_codegen_autolinked_build/CMakeFiles/react_codegen_rngesturehandler_codegen.dir/react/renderer/components/rngesturehandler_codegen/Props.cpp.o 
  C:\Users\Saul\AppData\Local\Android\Sdk\ndk\26.3.11579264\toolchains\llvm\prebuilt\windows-x86_64\bin\clang++.exe --target=aarch64-none-linux-android24 --sysroot=C:/Users/Saul/AppData/Local/Android/Sdk/ndk/26.3.11579264/toolchains/llvm/prebuilt/windows-x86_64/sysroot -DRN_SERIALIZABLE_STATE -ID:/Apps/Inv/EscanerCodigos/node_modules/react-native-gesture-handler/android/build/generated/source/codegen/jni/. -ID:/Apps/Inv/EscanerCodigos/node_modules/react-native-gesture-handler/android/build/generated/source/codegen/jni/react/renderer/components/rngesturehandler_codegen -isystem C:/Users/Saul/.gradle/caches/8.14.3/transforms/e2ac816cc322e0622c8e36eeb217f096/transformed/fbjni-0.7.0/prefab/modules/fbjni/include -isystem C:/Users/Saul/.gradle/caches/8.14.3/transforms/8dd563c36fdc8ed25724b885e60d3aa7/transformed/react-android-0.81.5-release/prefab/modules/jsi/include -isystem C:/Users/Saul/.gradle/caches/8.14.3/transforms/8dd563c36fdc8ed25724b885e60d3aa7/transformed/react-android-0.81.5-release/prefab/modules/reactnative/include -g -DANDROID -fdata-sections -ffunction-sections -funwind-tables -fstack-protector-strong -no-canonical-prefixes -D_FORTIFY_SOURCE=2 -Wformat -Werror=format-security   -O2 -g -DNDEBUG -fPIC -Wall -Werror -fexceptions -frtti -std=c++20 -DFOLLY_NO_CONFIG=1 -DLOG_TAG=\"ReactNative\" -DFOLLY_HAVE_CLOCK_GETTIME=1 -DFOLLY_USE_LIBCPP=1 -DFOLLY_CFG_NO_COROUTINES=1 -DFOLLY_MOBILE=1 -DFOLLY_HAVE_RECVMMSG=1 -DFOLLY_HAVE_PTHREAD=1 -DFOLLY_HAVE_XSI_STRERROR_R=1 -MD -MT rngesturehandler_codegen_autolinked_build/CMakeFiles/react_codegen_rngesturehandler_codegen.dir/react/renderer/components/rngesturehandler_codegen/Props.cpp.o -MF rngesturehandler_codegen_autolinked_build\CMakeFiles\react_codegen_rngesturehandler_codegen.dir\react\renderer\components\rngesturehandler_codegen\Props.cpp.o.d -o rngesturehandler_codegen_autolinked_build/CMakeFiles/react_codegen_rngesturehandler_codegen.dir/react/renderer/components/rngesturehandler_codegen/Props.cpp.o -c D:/Apps/Inv/EscanerCodigos/node_modules/react-native-gesture-handler/android/build/generated/source/codegen/jni/react/renderer/components/rngesturehandler_codegen/Props.cpp
  In file included from D:/Apps/Inv/EscanerCodigos/node_modules/react-native-gesture-handler/android/build/generated/source/codegen/jni/react/renderer/components/rngesturehandler_codegen/Props.cpp:13:
  In file included from C:/Users/Saul/.gradle/caches/8.14.3/transforms/8dd563c36fdc8ed25724b885e60d3aa7/transformed/react-android-0.81.5-release/prefab/modules/reactnative/include/react/renderer/core/propsConversions.h:15:
  C:/Users/Saul/.gradle/caches/8.14.3/transforms/8dd563c36fdc8ed25724b885e60d3aa7/transformed/react-android-0.81.5-release/prefab/modules/reactnative/include/react/renderer/core/graphicsConversions.h:80:19: error: no member named 'format' in namespace 'std'
        return std::format("{}%", dimension.value);
               ~~~~~^
  1 error generated.
  [21/60] Building CXX object rnasyncstorage_autolinked_build/CMakeFiles/react_codegen_rnasyncstorage.dir/rnasyncstorage-generated.cpp.o
  [22/60] Building CXX object rngesturehandler_codegen_autolinked_build/CMakeFiles/react_codegen_rngesturehandler_codegen.dir/rngesturehandler_codegen-generated.cpp.o
  [23/60] Building CXX object rngesturehandler_codegen_autolinked_build/CMakeFiles/react_codegen_rngesturehandler_codegen.dir/react/renderer/components/rngesturehandler_codegen/ShadowNodes.cpp.o
  [24/60] Building CXX object rnreanimated_autolinked_build/CMakeFiles/react_codegen_rnreanimated.dir/react/renderer/components/rnreanimated/ComponentDescriptors.cpp.o
  [25/60] Building CXX object CMakeFiles/appmodules.dir/OnLoad.cpp.o
  [26/60] Building CXX object rngesturehandler_codegen_autolinked_build/CMakeFiles/react_codegen_rngesturehandler_codegen.dir/bac033cd950586cef66695376748dd33/ComponentDescriptors.cpp.o
  [27/60] Building CXX object CMakeFiles/appmodules.dir/D_/Apps/Inv/EscanerCodigos/android/app/build/generated/autolinking/src/main/jni/autolinking.cpp.o
  FAILED: CMakeFiles/appmodules.dir/D_/Apps/Inv/EscanerCodigos/android/app/build/generated/autolinking/src/main/jni/autolinking.cpp.o 
  C:\Users\Saul\AppData\Local\Android\Sdk\ndk\26.3.11579264\toolchains\llvm\prebuilt\windows-x86_64\bin\clang++.exe --target=aarch64-none-linux-android24 --sysroot=C:/Users/Saul/AppData/Local/Android/Sdk/ndk/26.3.11579264/toolchains/llvm/prebuilt/windows-x86_64/sysroot -DRN_SERIALIZABLE_STATE -Dappmodules_EXPORTS -ID:/Apps/Inv/EscanerCodigos/node_modules/react-native/ReactAndroid/cmake-utils/default-app-setup -ID:/Apps/Inv/EscanerCodigos/android/app/build/generated/autolinking/src/main/jni -ID:/Apps/Inv/EscanerCodigos/node_modules/react-native-safe-area-context/android/src/main/jni -ID:/Apps/Inv/EscanerCodigos/node_modules/react-native-screens/android/src/main/jni -ID:/Apps/Inv/EscanerCodigos/node_modules/@react-native-async-storage/async-storage/android/build/generated/source/codegen/jni/. -ID:/Apps/Inv/EscanerCodigos/node_modules/@react-native-async-storage/async-storage/android/build/generated/source/codegen/jni/react/renderer/components/rnasyncstorage -ID:/Apps/Inv/EscanerCodigos/node_modules/react-native-gesture-handler/android/build/generated/source/codegen/jni/. -ID:/Apps/Inv/EscanerCodigos/node_modules/react-native-gesture-handler/android/build/generated/source/codegen/jni/react/renderer/components/rngesturehandler_codegen -ID:/Apps/Inv/EscanerCodigos/node_modules/react-native-reanimated/android/build/generated/source/codegen/jni/. -ID:/Apps/Inv/EscanerCodigos/node_modules/react-native-reanimated/android/build/generated/source/codegen/jni/react/renderer/components/rnreanimated -ID:/Apps/Inv/EscanerCodigos/node_modules/react-native-safe-area-context/android/src/main/jni/. -ID:/Apps/Inv/EscanerCodigos/node_modules/react-native-safe-area-context/android/src/main/jni/../../../../common/cpp -ID:/Apps/Inv/EscanerCodigos/node_modules/react-native-safe-area-context/android/src/main/jni/../../../build/generated/source/codegen/jni -ID:/Apps/Inv/EscanerCodigos/node_modules/react-native-safe-area-context/android/src/main/jni/../../../build/generated/source/codegen/jni/react/renderer/components/safeareacontext -ID:/Apps/Inv/EscanerCodigos/node_modules/react-native-screens/android/src/main/jni/. -ID:/Apps/Inv/EscanerCodigos/node_modules/react-native-screens/android/src/main/jni/../../../../common/cpp -ID:/Apps/Inv/EscanerCodigos/node_modules/react-native-screens/android/src/main/jni/../../../build/generated/source/codegen/jni -ID:/Apps/Inv/EscanerCodigos/node_modules/react-native-screens/android/src/main/jni/../../../build/generated/source/codegen/jni/react/renderer/components/rnscreens -ID:/Apps/Inv/EscanerCodigos/node_modules/react-native-worklets/android/build/generated/source/codegen/jni/. -ID:/Apps/Inv/EscanerCodigos/node_modules/react-native-worklets/android/build/generated/source/codegen/jni/react/renderer/components/rnworklets -isystem C:/Users/Saul/.gradle/caches/8.14.3/transforms/e2ac816cc322e0622c8e36eeb217f096/transformed/fbjni-0.7.0/prefab/modules/fbjni/include -isystem C:/Users/Saul/.gradle/caches/8.14.3/transforms/8dd563c36fdc8ed25724b885e60d3aa7/transformed/react-android-0.81.5-release/prefab/modules/jsi/include -isystem C:/Users/Saul/.gradle/caches/8.14.3/transforms/8dd563c36fdc8ed25724b885e60d3aa7/transformed/react-android-0.81.5-release/prefab/modules/reactnative/include -g -DANDROID -fdata-sections -ffunction-sections -funwind-tables -fstack-protector-strong -no-canonical-prefixes -D_FORTIFY_SOURCE=2 -Wformat -Werror=format-security   -O2 -g -DNDEBUG -fPIC -Wall -Werror -fexceptions -frtti -std=c++20 -DFOLLY_NO_CONFIG=1 -DLOG_TAG=\"ReactNative\" -DFOLLY_HAVE_CLOCK_GETTIME=1 -DFOLLY_USE_LIBCPP=1 -DFOLLY_CFG_NO_COROUTINES=1 -DFOLLY_MOBILE=1 -DFOLLY_HAVE_RECVMMSG=1 -DFOLLY_HAVE_PTHREAD=1 -DFOLLY_HAVE_XSI_STRERROR_R=1 -MD -MT CMakeFiles/appmodules.dir/D_/Apps/Inv/EscanerCodigos/android/app/build/generated/autolinking/src/main/jni/autolinking.cpp.o -MF CMakeFiles\appmodules.dir\D_\Apps\Inv\EscanerCodigos\android\app\build\generated\autolinking\src\main\jni\autolinking.cpp.o.d -o CMakeFiles/appmodules.dir/D_/Apps/Inv/EscanerCodigos/android/app/build/generated/autolinking/src/main/jni/autolinking.cpp.o -c D:/Apps/Inv/EscanerCodigos/android/app/build/generated/autolinking/src/main/jni/autolinking.cpp
  In file included from D:/Apps/Inv/EscanerCodigos/android/app/build/generated/autolinking/src/main/jni/autolinking.cpp:14:
  In file included from D:/Apps/Inv/EscanerCodigos/node_modules/react-native-safe-area-context/android/src/main/jni/safeareacontext.h:6:
  In file included from D:/Apps/Inv/EscanerCodigos/node_modules/react-native-safe-area-context/android/src/main/jni/../../../../common/cpp/react/renderer/components/safeareacontext/RNCSafeAreaViewComponentDescriptor.h:3:
  In file included from D:/Apps/Inv/EscanerCodigos/node_modules/react-native-safe-area-context/android/src/main/jni/../../../../common/cpp/react/renderer/components/safeareacontext/RNCSafeAreaViewShadowNode.h:5:
  In file included from D:/Apps/Inv/EscanerCodigos/node_modules/react-native-safe-area-context/android/src/main/jni/../../../build/generated/source/codegen/jni/react/renderer/components/safeareacontext/Props.h:14:
  In file included from C:/Users/Saul/.gradle/caches/8.14.3/transforms/8dd563c36fdc8ed25724b885e60d3aa7/transformed/react-android-0.81.5-release/prefab/modules/reactnative/include/react/renderer/core/propsConversions.h:15:
  C:/Users/Saul/.gradle/caches/8.14.3/transforms/8dd563c36fdc8ed25724b885e60d3aa7/transformed/react-android-0.81.5-release/prefab/modules/reactnative/include/react/renderer/core/graphicsConversions.h:80:19: error: no member named 'format' in namespace 'std'
        return std::format("{}%", dimension.value);
               ~~~~~^
  1 error generated.
  [28/60] Building CXX object safeareacontext_autolinked_build/CMakeFiles/react_codegen_safeareacontext.dir/37f43a9bea1f40d5d19ae383128fa8cc/jni/react/renderer/components/safeareacontext/States.cpp.o
  ninja: build stopped: subcommand failed.
  
  C++ build system [build] failed while executing:
      @echo off
      "C:\\Users\\Saul\\AppData\\Local\\Android\\Sdk\\cmake\\3.22.1\\bin\\ninja.exe" ^
        -C ^
        "D:\\Apps\\Inv\\EscanerCodigos\\android\\app\\.cxx\\RelWithDebInfo\\5315s3d1\\arm64-v8a" ^
        appmodules ^
        react_codegen_rnscreens ^
        react_codegen_safeareacontext
    from D:\Apps\Inv\EscanerCodigos\android\app

* Try:
> Run with --stacktrace option to get the stack trace.
> Run with --info or --debug option to get more log output.
> Run with --scan to get full insights.
> Get more help at https://help.gradle.org.

Deprecated Gradle features were used in this build, making it incompatible with Gradle 9.0.

You can use '--warning-mode all' to show the individual deprecation warnings and determine if they come from your own scripts or plugins.

For more on this, please refer to https://docs.gradle.org/8.14.3/userguide/command_line_interface.html#sec:command_line_warnings in the Gradle documentation.

BUILD FAILED in 8m 33s
482 actionable tasks: 56 executed, 426 up-to-date
